dabc
cdab
abcd
abcd
dznyxkbm
hcjhjiwqgchoxfaglngaihiullrwvjfhggvnc
zfmrflhhmuwqchsfctcvacusfhnpuvdjedooorwoxtjbemktgxoeaphvsjutidrewqdxkjvortuacn
nfuo
upempjeqsjidgutntmmgynspndizkibewjbcndtjtokoqcbpblpqsggooqtjf
oyhdfeppfotxdbyhuiz
cudpceiutpcrgcgdvfwxyecrtxw
qabjzelusaskjxpmicbfsvumhxz
cylybwzhknljhduzwoiwfhwt
mgdbieyjagnmlpydnbbyokhbiwgezmdocrlahqarncpkrvoxklsykhsidkcnpbrdmakrvmejhgenwrwlbhnqhfiarrvhxtpqw
lutyjdhsvbjaepneszpfddbnqrkipapburvq
vgmvbojnbkjsqoe
s
t
kcuvhbvsdmqojwyxcwbybnpvefghvftfsqdijvtwvudzkybbxpckclsydealroidcvgmiawfuenfjhidxar
vfhfkgzbhyztjqbnsvykhmvoihhqgkdoythlhlrdz
jndxkb
cnniyksuucgybkurvrjpgyzutwnictcwpgmgcnlfqhnmdgchquofwqgfkpatuvbtfcllkrqtsnjuguvtazsq
iajneqlztbsbjqxxnetkosyslfiufoxotskyeinzsvovxnckpuftftgvpbrtzxfkmahhzlsdgqefwqssfjeqi
kgbipprmoccmnwlrkseawpliojjocdopfvdhswdjqwjtzkgmjkpaklcf
imfrlwfhwbwnekjiqjrvudsfiluuhvtctgkneeksflvwfasefcsbjvdruilukvbrwxqkeoqsoqcynopcgfqhesys
poxrgqcjikvdokaefgwoypvjuqtnlqtikkwomguscoabayjdhzsuiysmcaompawvizfnszdjxrkhzwghujpwcrkq
v
wcwqjkis
okivseoysagsaapekjowmvkkpwgispffcuele
vsboynzddtujwbaqqnhnbrukdcpwozsifdizfeunqshljabwwdeusjtgbxfydnveuculpmubgbqcigpwjldbai
afknsgagvspej
tjshddbtmliegkhdrucfnwwounzjewwiofcpbujvoeqrqmrgrgtuxrhwz
ucanhqdomoejuequcgbicwnyqkkiogwirqbdylgdvswbdcbskyfdymfekmexvutkqcnfdgyqm
sshuupvgvtacahlfzvidssjhkkgldtdpwobrepztidwhbykwebcunihtigfrvbowjyloeexqtflxtkjfdwnqlbs
ixrpceuelerzqqiuzbkosnxffbgzjgsogrihmrjhlgrmqiqddbiwummnvmlaipbggviv
etsflwvqhhhwavjpiuccylstgkeelqkeornijvl
jjaclksysalj
cirheolfakdhdvtdtpcruwqxhyoepgapypotfftqfwilabnvpdohrbrviksqnaqclhasxrwobowufgdeuwcbik
dknweqivhomrmecgbvhyx
ikavebdfcpughxoucpuczklwkjzjijgtltwepxnmgdugssjvsiofmvyulitmighikxto
wjefikidschgbwsmkdmraprtrujngqich
exzhlprwkgvjjznllnycbactbwiysdwughsbtcsrst
pujmngghuxpbbacecrafkhgzeuzvgeonzvctpzqfozofsxfyabcpajvnczkamaffhcswlbzbgponm
enhtiefwoldoikmrhgveozomgqpqeulwmuflxftpddfwtkjrnp
dugnsktsvv
iabndbbuqppchnebqqndyuotctehaenv
iaxofxahzrkhqcxxziwofnqbzkjsmphtpthuakbukhlvavgtotwkqyuyrghekggkwevolcualpnacfjkq
dxcjlubzydneosvqlncczsrfrxsfjb
lchdbvjbivizgojelvebcgxaffqxtgidywdcudprytilckhourqxieumvqjkyhwiqglqjmlautswqavjk
cepbvizagqbnlnifnkypplctrkamtocqiym
sgzhepokgtlrbsvlcuneljhsiehemladmkxgskrlfcgbfuysky
rphcmzeypswryzazkopw
hgtqobmgjvuveskdwuhobdwhvftfs
rfmgdqoignnidbmihguaarz
dkla
hppuxvfitlui
uohlft
ikdfwiaedpspfmehdlhmyx
jhvfjcgukzcgowmkdavwhtebtslnestcytdpswcfjqvimuqrjkqimlcumgwqiysnlzjymyjztbpjcadkiybikzoeakhjvednt
ceaybposqgnjjbmxrhafcpbmpfktqhhrrclwojvwkgrhjvnxcadugdqksulxxnuerpfahaciakdjruuirufqpkvabqsuv
gizkubvdgmklmtidohupfqjpbaifuzd
qhaefmbstmcszrfxmakmhsrnvesbrjswdtdoyeclncekaindaodpbbgq
zdlibqbbygojfwokjdyewgfxlfrpubbkhlhwfvoflvfxrvmsflpymivdwexxuvaaid
lgobdxzwzylxjmuehevonjvpewtdziaphyhmrvvttshosdgwxeisrrhwhjdtoemadlszycoiykr
hqszqciddpzqunyijlywzopwaqbffcbqvyexewmaaxovaousmvjftqrzhuplefqdryryctlnfwqjrjowokfxdttsslwvbcaprox
q
fajslxbzmtarafiripzzrelnglweodtgfxveinwsq
j
qivvbcmlcfttzmwjzhmpiyxlssbbljfqgczfeqlrtapdqlqbddiojffdrddrcmfhjzuykttilrygfiyecssvubolsrgiiofcro
pzjzdryjifdltbbkddmihczeydojaunlhsliuvlrwynktjingvh
kgfaqkbalyysbmevgmaqqaarjkxppmakpbkp
qfzokips
clgrnhpjhbgaevsnstim
ynyqoketnpgmlaggrlfbzauqgeixphlxnjxisdfnyliaovhgrtwdtpjyxqznkvunncpcj
otam
dapkpsgjutuhevmklsvgcpujqktvjwlrtpilhymjafspuaxucrodxjnmvytuvhjflhsdusjbmegoavpxlms
onilntuakjqeqkgddynzkqeibdjrjuoqzmsifunhjimqetg
lkqmtjciuyctuoxvrmelkkormmocsotbfwcoarqxucsxzxlbphfdpbassxudjlbzostrsgciriymeivvkpwpacldmsmnlhxl
nwpmsuxcmtulmcbxqjjzpakemb
seglswmwghsgwnwkevfyiwbbanftbkugwlsmjfaikauncvcnofrtycgrwcywubjernsxhcxfp
denxqujhekffkbsgcumqldwweybbqkjgitthhqwnagyegldrbiuynpymxfqopicydahber
ufuckxspzbxtrkpblhgoticsjxpv
fowmslhgzuyaitrxhojxmqfplrpvquyrhodaludwjyvpqdkldrtmoqdsezaukmyfpxsqhltsfx
mllledpkoxubbdcrxyzknlgciedhafodqopyjpxhfutvrdauobbgusatpjwjignplaptewuprlwurd
nvvawerwurzrhjpbmnfnniqhmqyrhpivmgqbvzaocdfdghggkvdkdkdvgcmjcdjvduky
dukkxruyqnmymiusvgop
tukiybacasnbhvnwtnsmagjmpr
hsruonifrbbjjsxaqabrnjjgkiheznvktywmeimwjxs
lbmkwnyunwbwifrmdnypcnekfurlcphxygsdhneijtzfdsesczlarekfjiy
slwfixhivfrrejcxeqylwdvirxeycfcsxaucqcwyoxcdadjgukuettyfmgpnwnulksgrhrsuoxvahkjcgishzgrf
dhdxjrkcavdquvcutmirgliejodubsjfkumsnugeptbr
geaharqnwckkzlddapxctspavxpmfztclgzflbuknmfcvctrbmimvmapcbtuxe
dnpijmcsltyi
tkgectncnmewxzppbshkimnunbonybckq
qetsiqtphhoesntmqdnhxtgcmmdeuamofbihdhersibkj
tvfnpuvzgfrlpdskojisfoehjabgvihcvujjrwdrdttneggnqxutwrqreojqbgrplegtnqkdfawblppvepcywf
eizferpjkptcdeqchezjmfotpaevbfdbxxkshoyijfagepmnxqcoargvehbu
bezscgomcymuhqh
huqmooejncllcv
twlxjiqqxtttfprjnhkacohztrioqntzchnxpyyyaplccdctmnhxvvyksrqqlilz
sstacalbvztyvgvzmypnjuwkbeyxmqwesic
ioynnmsggnirroleposfokpqefcrlowfwbremhgxddodulnogkpvbyakrpfuuppklyngpkqtcvdcxjdg
zgfkirindjaxhkypdwkvlkzdgutceblhmnbonjemafbitxjuyyjrndfhxxdciirqwsukz
gehzrsqipxibjxyufsafgcnsjasflxavwbfgsbwjgbtmsjnxbhufyracdmcsqbnefnr
yeietjjvqrnrcyncotssbqrduciyxoqfkbgjkkecskssslpsbejeqjizyzcrglzgl
sumjcblgrbthlno
deuivutqeueijuouicbticmnpwvyqlqzatjvixncvanqlrlbzsoicvytrxomlwgsx
vujzrmpfkkfgdijizhrhqlys
jozmlvispvweszcoloimwrhyjrfpztruoxnjozbshaxeilvoplzdiwjxsiohsfddq
ufkpjllfhrjpmvyrcscfmwkbhqjkrnjxorykrmtkrhbvcxzkmfahvmiwaeojuoiqbpdbr
qyschwegxgsuooapeoofcnymnjcfgviijsvfmodu
rtbtuejmsgqpckwkmqhbawsjnsfstiblwgljslcndqlxosopnevwmvgolwjczeyopsusge
ifceycnrf
eiqgwsynyrszon
hrhfwxtoowdqsgmwwdhullyfpjweebnkxxrecuvtaxmwbzlkcjrzinehdzaiedcnvlxrbbegtlzywmmjfojwaisydsqcnm
cjztldkbuitnyhsn
vchevnwqznlminazyitenmiedhvoy
attiwpkbvjgapupwbvhavoocxmsbmusqvobjztgfishlptitauwrdrvpdvaanwqotsadjhbwytzbubwquxczqlbbwrvnems
rffjphtwdtbmrrxeqbuqpfjiqunjacuphukwkrjjhcgbrhjrbqacjpvtecveadyhjbdfvlgns
novqssyzfdtglujiguwcasixtpsohxjotqcuvtkenddbgoqldtkjqxiyfikhxxvuhoxfzqblvqmcpsxmukblgmtcbxindw
vrqvvrjnhfbobkmwhknplhacsfaitpifgoikedpopdvmtjttgeaqqm
gwlucuxieefwemwjmscqlfxpgervuqjsmwpevljllhhziovoiuukdytkxuqkpxckqmtsapqbylaxfgrtkqsikdzrwbjizdprxg
etizrtrplpqwtypiumrdqnjprqxfjrswiteb
cgiqmwhxvgtqcnerxdykbr
askrwixhodecxbzkdlpikoumstlqqgmmflpttkttyhpftkigaqpzqepskajpgowoudpzi
nrzhpktpontilmdgdsdttjchhosppywpvfiwmbyfvvefixcymtfzbevvunfcyonjmpngsuhpidjjpadimjgjny
km
ofqmivfyhmogzjxggrbinpwrcdknedmuqlzfljaddjahlvwkboefibemk
jwybbcucqm
frgwphofkkaltfjvbjocxkatmvhukpruhrpyjtocysrplmerxivvhfbrjnkkgadjzclvlkbmunecolsslrzybvzott
ghecfmpfkfsyobbewinqmissrrx
ccddkrxntuqjdygportpebyhvrgqxnygfjqdjfizkunqhtlpqaekulkqlwojgqbfhefbaupwseyvwdfnelbijixzoqyfmrib
cqftshxidatbvussuejaobjqx
rdvyibifmmgycwn
uddmcjlfaksbidtwbq
rdsybvowugidoojfloljlixpmlpppmkjflvvyccaijdgzojcvqxlsaps
qnsuallqltsowawpydnvvevvxkcwunbmnemwxpytpwinoyvtyebeqrctotzdrrpbkqdbfrlmhzlidjgutudjx
rcpfweqpswqtuwuduaofkluktg
eymuvovqmjphdj
lvfhqynsudqrfwlkirhakomwsbhmpn
oakxgyfbnjnabpsohlqanxowfvjfrxrqwzffgaluwglatachkyqsdleinvunofoujorfecodkblklmztxrtstopthihouxj
nweqxoaripouximuijmhnicbmpxrwurvzirjzjrprulhqtbwxtdjyaia
dvsnznppldjvecbrmamxpczcwbnkgrdgbvrfiomjqtyelgllvi
wwaxyatuhqxgqkmqibtfbghmhfvjrknbanrtumtqenfggnguiesveewaobfibjpukfaayuiavlxvawgeblaveuvohjhihcs
lszhxhaospnohjeairuatdmjunqsjqrijcxbyxdogloohnakpyuyjrklisujagunhazwgairwvfgtjfxe
nhccrlhnlmflkbnajaszgxucvjivtwzsszprmrhkjhdmuvfuvjk
pajngvxlbkawsdi
kqezzzsdobdkkwcgbntpayhyqabbgxuxlkhyilslwnlzhb
itycpjyaghwqomh
myihqeuehirgppiunnuaybecvvgkohqculfftpzereowhghmzctsrjupvbfzxaspztvi
zicqjdrmjvvmvhgrlfiywqdndlvniqvlbtbnnqwgrhsdasqbekzgdevldfzzzbdcpzhmynqdot
jyngfoppnxscveewigcudbxdkhlsalguearburfcplbalzet
kgqbm
yhsknppfzjysmnputojashsdrccfefrvenvqqldrnuwhskeibxdljzowirwltilohbfsdcxdmmarfhttzdbvwsyflmqz
tbvxgbkjabidszmkgrp
rxcnyrdwbbpklfsxwepvgwmjfjluadpriscqbyggnmgoxxnsuxqoiknk
oohlfiqypefuaaaoofdzrrsfstatyldpfnpgzoiqzpckxekjhadocpzjuitnmlekphsclilkbfbajxkcothyyvpck
attcwghfmlktarwlkmvfloreulxcbueqtlhvdlbkygjoctbnxogutvecdyrbmolsdsqbbrhxooolniolwdnurficafjubjckx
rdkfdhesefjncxkeipelhcxzdqonnqfcnolupelkfzurc
dkiocsmvuqerjzpqocfpnimcpapyprqmvghjkf
oeiybhmioigxmrqwadphcafvvhwykdwmvrlglqpsca
fpkqdypkeljqbylxaqonrifd
ummrhudschywynsvdpptetjfaseggljce
nvaaehotupxc
vxzldolponuciyevkfgp
bqkdtolitmtngzjpephluippdknwlcnrkdbbjfmnxdjnntjlrhracyrgdnmuttiunncgysftamqyhtfbqmzzprkma
xnaccixftthjxobogualhivqerkoaplaogoitqpqbobzhjayxijoypfgwhmxkbljlnbwzbimfc
pnwshlssqngdsuhkzjbmjjvweloumvjsknomukhmihxtpkmsawwjsxwgwqgwvtncbunfmvtakegjgvzbbiqsiqcgrqxzupyiwna
kuwgxzqsqoqddpljpcligyi
yvqhsfqeowhrufkwdgxngxtyqrxojcmnaafzvvbummwulddlgeittdlthhmlufsyplkoqfvjqugptbkwrwarldff
mbfrbcbewhpzsdlukfyhgdcxkzwzdffrxefrtlsfcejivpmda
tjtzjpwvqutipnfjctukstornufbeqjpopgtixakkhkzimdnsmmsveslweaiwxcgooramznwauaog
ncwvjknjlfjzvswcqhxjddlffeataugpvtopvhwkiezdclnfxlxmcxfgoqgwibheeynbpdswhvjgbkalxamnrycfcbfovczpdbik
wfopuhnsbxbqelujmlsqj
jwraoosunxplcnsjrkoshpfeekwgaecartbsitnlveon
czguqdflchtwebgpkwpebjqdvxsluwngbuikdxflz
qouarktzewanyn
qdwwyddfipmybyvwsthubljjjwefeqykmwmbrcieerokmjcnmmxqlk
rmtwbvbkfxrak
bdqrncrhtijcjsjflfkapnmlalspbofzlnrcakdoaf
oevomfshelakqturhoeidsbeyincvczlkhncosbzpnbktooevqhy
hzwtsxowgormfgixcvnprwvscikrzlikqeiml
mjgrjmebzrezedhjlmvuomhhwtvfmbpobsxrhyr
qeiy
iquxkldpasqlirixpejoaerfbjtzexnwapiabdyrohwwqjvofxetljvfddoszkgbtecorsaeky
ysusmxyaipcqnmgebwnkstbcoxmljravdnadcyqktmtwcfjntubfjijabeslbostgw
zzdkznfn
tvbuemfbymhrppmtdjitajpwcrgujungpndtmpjyvhsynakvvfgasdpbdqwkoqmtv
ghxjimoqdfunscntrsufntktmknaezyafsfc
fkws
zxwdbobueekynpqrcxlwxbntwefknjvomtaqudrfkiwabnfsoibclvvgliwmmxnylusycdxibcpmyperphcfgxqaxy
lklolvhzujrqrcxwawrblshwzlbqdnorupjpg
xkpfgzrgdwjxjibjcaldabdxadkxvjco
ckzrgqgpvrynhezrmlcuaewxyrvcc
dwvionukyhnlpeodlernuuiebswbprulvprsgmwnsnkvcpnkexsnurbzapbuaqodycwewejnkrdge
bvervrelwsiaczffj
f
wivmqomohdhvvymuxxyjweyaqxgowaambtonwiisjtmbiyismrtyocirerunrzoxvdnzcf
mfligrrulnjqgfmrxyfvxarvbwmacznhqeidwuaioxskvd
vglnfccwmihexjlwusxstg
nbtjpjzyebvsadihokppxmrhxovdnukpaaxsbgrxzjwsguyhxlqrtetrzekatzjufuulbenrjcvnocalajd
dbbt
vpaxtbfbtojgdxvazsoaheqbybtktabspyuvstbvfgpgvioswiwcamepazvhoknfhxtxtckuklrdfkfmsitlevwlumsgfxqh
fxengzavpyztsudxydvfnabfowlvnfgbktuoaliiprvvjaieqbwmfksolm
infqcbiukneegypbvesxxfjrkehrziirdjauljrymvrirqigwjjhqsnagzarbdirspjaesfjvdrmpvotdsve
tvogvdommeidjjjixasrmsonlyvhujaxrotaryyxnwclusrvhobizstkjsrjorhkujyzlysibanoaaotdfjqfuxmbubcuwamt
xyjvylkatdvillheghwyofqwpjliabf
hwxazzufpiudmfhatoaubeibphdc
wobopetcjfpmo
kmfu
kvdbkwiyqreuhvttzzsvxplmbqtawdcjnjcosqpkapttkfogaxeuvzhqenrhflrfimwegveaowpqjcvhdhzdbcfisus
taswlxvtrdzaciqrjldkndmaqryejkhhjwwpzbfwmlbicjwbnjvksowhjeidxogctnwzfbqwpcqlbsubwpcazhmi
zxnibklxceetsskptsmqhlckgxwqtjeiifpgwuwltmqtciuasfqrfvsb
xptjmzl
vmmlarlcjbonwqfcpgu
osbytepstbskgssnkjqnlrtlmwszurnfbcaggvocaaejwlkscfsnjqolpecpsjmupvlvwrcssfjny
zuiwunbeudrngjvptmvjzrwimbbkfkrcdbbqvxtumiqukimhlqp
wptnuseuelsnfcczfedjiuavuiat
bkkmcvgfuxfmeubvwzwmbztfmknlutcbvxxrozjnmttcomqlktxt
lleraptdxwunfgxqodmjtgofqzpvuybvrsqcklfkn
jdfwdgulzomwlqmmntrovefappwmophdbbxcblaefftnwhypakyquiqlcsmpweczdilatdufqeqtyvpeijrxmdhq
sobqwuyneuelhrmykbgofzzjyuovek
zihhwbcvudbvhnrujrswifzpexhluvgoysyjzihnknsuafflcorvdxqmsjrnnunmxcmuwuzhkrsldkfauqbsdddjseu
rvfwsvcpcmyrxngcjgmjklfoskcotdppp
aagxhlaiqagoacdbtfcquegurqpyypfduxmnvgwfrevvvenpjsdvoprrzqwiuvohxfqwfeoahg
futibfvlcjiocbolbrnrbqwrxcnsjnffjsqtthdywvemhlif
xkoexricmnblzuwmpphdhfcsloxpemyhjyhavpazaeomzyaaygikmaqpwrihucaczxjfmlugdowvrlwnppkbkltaqyp
wkdhavhaeavdnpiathqwktokfruqcyuqjupbaiionklrrfdwvzqwztcxfqdsbhyhgqfgtubdfpvscnwsvgwhbuaijlggrs
mbltglxlaotobikjeillgbecwlh
jcttkeikxfccxhedpnyotbmqjhrepjzqecxwiizpozhcwqrvuaovrmqnwbejqajdstfdfncnymrnczheaojqxrnztwwj
odrcfinyducqmpkbfwuaudlktx
lsovopreirxtsmtuzpnmestlpp
zvvkvetdiexxvlykvgsgzmjdbxpaueqxrec
vfjzndokyuhntnsuunhdmzgawdozbqehghcenhmyjtyfeglupobglikvbgjconytulvtdhshsqirpiywdgde
qsvbanzffiugngnppvbiexpjdxrsmrqltyedstfhquah
owsiiqnwtedflzdmiwtsuzuijclhvbnj
fpekquipedmvchafgajjs
zjuimmwamqnpftjdgcyjxpatrunjufksahjtfelhqvggspiwbiaowhedknmmsidolzn
rhhnduzckpsezbslqcholjqakpqrtsdbkbdmsyekkhvpdzottnlfrmemsxvmvdkiwbmtuxgnepowjiefojzwgvqbc
rbcqvbgkmabmzedkeyiuxhrstlyogmltzgpehqkirqdvohofotfswgb
hwaxqmzvfqgemrytexoxphemmzttqqmcjqobgazpkomylimokvvluzkame
fuymdvhdkmafcgmkbyajdfcayqsmtnudxdgupvao
kafljfmyecrdsjmhglssoouezcuwxqaitdrartxvdkncqfqshwttdbdecsjjagabqfqvshikyrv
wtdajxm
cyecmaabgnxwlhteaxdmfgqxsxymuwgoypieunkradeacovffmkotqfkdvdstagdjrrtehns
siwxooizosbvbirkeecmwsffq
ghmxgyevimnmsfmhsfwkrtclovlrebggfgasphrsjzkfithbu
p
vlmzqildsvcimmrzegopjbxffcsntijggemujqwebgszqgtkrcbbkmsiephmbzvikuevujsdanzbwzaxixurjsqvmfbtycvbcrje
usawzimfcurfhkepszffnpmgatggqcoxqsxikmccosofsiapwloemssxyhuhenihsxhbftxcorcifawqftbptvvpv
cgpd
nt
uvirwdowpwlmfhxmvjcynknpcdvcqwkuukivdfmrjswnzbsxtimagtzcfurscfoqnvdhkycalupuygiglrmnq
wvcobpfbehcahbwedqgeilqpgryauqvtj
mwsbfjplmvolpaszwureaydoauhodhoiplpdmmakdncuap
fiobfacabdhybbosdoiopgxwagkoxtelsdpgmduvudcmzmkpqtursvprxbahacapwscuskxndvzswpgrcyphfzkl
fqbecxuzj
xvojdubkwbeuztfosfdtqtljjjftvekdvhxr
evemtfeujsyykbbwbheaildbscmyqpjbsckyfpeltptetznujcliqotwrrqirqvsfdhzi
oyjvsfoxvpqmjrxywchqlssjprbqwajrqglropfnuswxnaubraojgfhevm
bxkuzhwbwelbtwzvonjmfdeeqjddai
ojsbffjiltnrtezkjstoqlltflv
cdiiiqrbelcrpvziwllbpfenifwpaoagvkzathfjnljqvicwrojtsjxtkrvlcfplwtceeyuchwevnvyn
tpcmqjraatgcrhkghvknretxaicvfsgissknfeofqbtgknvnokwmxynovoexdnpfkvchhephifvvqeneavkzmhvrg
khrtkhaalnwxabnzrvxwnlahtqm
enjveenmhgrwgwkltgksqochhczijbxpixcmlfaddtlndfhgltjozvwrivnvxcpjhsrbqauntoekfukorwpaffnnytbynxamyaie
dpuwrkfvbhox
yaobjulmsnzikqalxvdgexqvliwjbhdxvappnsjnmchjttxdxakwwfvxfutlnnxspcwacjbbdnbizozfx
putdjpguqrowlncvizpqnpmwbhtpptbbcrcvgcgdmtycqtkakkphwkypyehvnyoccjuufpkegopii
uqbxklgteejbbwibsfdzlmrdedfkkmjffpxhfrimvvufbvowclfkykxblasieipiisgexbskjphdpvnfoyeonkprdcfhtr
etdyufdlvklpcbypjczpqmfybqvbjf
gxr
fsrblejmugpahlyeaprbqlwgcfcerplmsltfidrggukvxybdbnocgngvroiunfgqy
ljplfglrsybeehubjeovkzrjdvj
vmgocrhchhabpzilszizpwztwtbbhgomeaijnvijqnideveutmwmrlsxhrdjrcwjxradkfumxmjlrhngjcatvjurjeycrnhnrtds
pbtxurlcrcfoqomqybksskbunnqewsw
mkmnfphtdangpigvstlguvh
chprbvnfpdsedrguohidusrlpvctghgghdbuviieafspywrotmztpopqhuaawxcicsgosciyhbqgkrc
ckpkyfpwvwbafkdsrvuxrehqjbdnkfwllnkwlixicwrtuqjzcfej
ljynyzobkrvzoaywqlwteikoswkbfnsqjinmrzxucdrii
qdfwatwghtvscbzjcnmrkdnorgyhgtvkqjtdgdhrffmgkoqhwgytdyuxsu
dqqhinsfmrzzsdzzsqxlmngldpgregbvsjtstdwqchvbzymtstadnmfuddaallgxazsczqwmaxjrdrhvgrtdolpgnfg
frpoojsojltq
ishoudtwvxznyfbcbaryphdhayybjfqvagmwjsvvwbzcgrzaaqiqmqnnnmapnezexndnpdtrbdnrdh
amhdsk
vyxdtjtihfsaxktbnovdedsravhwagahnouyqqqef
qfyneuwwmpbwtibqrphiwerhrqaidmwytpbaicusxfkfpvpxacucblqacn
baxmwcsznjxwcwijnepycjdbctmqcvmizipbnkmvbzjvkmkjltrrtmtakomyfrmydjpfaybbovommilhyhygevivvzgjnet
uwlaisnutrghubrhmamxswlurwpdgwpikklhuaoakorgmtdfecwoerozayxgahjcgepoxjzrlbavpbtkosvncogaasheaeldtkxh
zxtkgohgsxmkloqnxfnkvkmtvdpfhfvlujacokompfhscuhgxzvexgeywbzihpimfxcjyaiatl
cwojztwtbtyzlghvahatjuhdjunawuwkpouwbnndpwmgrreb
mxngxbnofahavmqyesfvwtmzhdprnhllbjhzpsdhpjaeplvamypbjbowgzvgvudmgvwakniqeoxwrtjpsuyvjkdwetxcmac
ngi
jualtdwrmdqyotmpkljmvpucfpsdvtmugrzhjfhudsefahgmukggshifnenjvbihviyepwneytpcqzireyv
bfztydxnpjyuchonrwnflfuoeguvlwcjenbnqwathqntocavgnmxpthmpeomypbguytsvveaegk
vnphcazigkjfjusdqbbolxv
fvbdzktqsesmnaplpkqgnklrwyrffihmjqglbnzofirbdfswwlduuvndeofawkrviysxkpwcsankzasi
uxfosvhztabdeluiurvukcetkcrsxjeowjyqtlruomnaossrxffhokrgjgcden
agegtqxteubboytsjcdywladokdsuanpgsnocmgykxovltghtedsxbjrrddtoxvowopmgivgcyjxoxudpyscfdsstkakobhcturk
ddhglkaduiokqofvaagghegbstbycngiqzepav
dtsxfjqvadzvixufho
qsasdjeujwvbxkffksjfzcksfxcbcrkfignmbtbnkbymobcwydkhlatwnbwektpmovvpbiyqqpqqjcikngztasjsgadzlfbzehq
kjnceautmwrjgzdhvykawgfcayvrqkkmpqjkkexvbstcwvfcjrwsqvdeepihllhczhcamcy
khiqtfrjphgnpqmulpdvlfkuffbarwqixhdpkumczyhbssmewtmgourvbhhunovvvhtnol
lditrmucbihbrfwhdgukofwyyqzqdhgtbqkmjuviqapcjmocinw
szzkwpukluywgghsauiumlsuwhucvqprskgcvccxpvghmvknktuitihprunufurrbebenkhshlwqhkigadjlyceribomxf
tlyipyhcyg
pemywuhadjrhliyjhnom
vwwmvodpwpvfnzvxclvwxptbrqmbfobadwldgrikczchfmjbyrllbtupxpmdncmmdmflcdeaqvwb
qb
wmrrgjsniorspcjeoufekarhsckuuxqlerjqmzkmqwgrw
vemejmpfjoqjlncgwzrhxdbhrglftni
hxyiuvnqknbzjcpwhekaxazogxgtamyylglgifybfldwqkbczjpiyvaoaecgxvcowhjkdembvnctxo
hkabrmjnvqsaushrovlvxbzlwkzfkerjintnymzrkbmgaymyzbrihrjebamfwyarcmpjlrgxjp
usbdvcrgglfjhqqwscdnlqzuuwimsifwsfhxvmdoutekpfacwendsliob
qimqahnjdksxuaojgcvbmocytizllgyhuxgkuizijrervsqubjqixkjaxzoyvhvbiohguggqzhotmqlhpxfrmmom
mftavvymryfwovnrq
hmirecmazsorjuefngnuwnidfdbscxkvvdsmsdlodrdinteukpvusfokvthagvlhlnebmbhwdkpowic
lvppfvvppdtkhnvvkuokzbkipvdcrfproputsxbtioydpjrzubjjbsmahvactociqltzcojyuqkbhobcxudsvwufiifisoejma
ocbfqiqwwmihbuoybtxgmewnhjfbmcbmctbuowniqbgevkxuvnnki
okwyoghnlihlnvhgfkevjamrkrgsdjjdfuudnxharggfvlskowmklwziyyczotf
qgirdchegnxmnvglrgckqpuqbqotpccsexnjqvhxvubfxongdrlkgfobwumtqbamrwalilajbvoilvgvgnzofcfkmilnzpyjhpv
eiilzirbjmuojswkivvrfgma
btqtenbasnbalvfgbxfokaasjcoaqfxemastieptrbjqycghssft
mq
ofvmwntsrheuabubiuupofammshewluiafpsrvlccoavlworcpcshgicacuptggmjt
mbaqrbjhsdmoiawloxixcnulldhpwqqjutdzywbiopinkoqylccdbijvsybsietcmspeipkyulusbczajujfaerp
igsllafapnvmnmuesouwczlrzwaspwnshoqop
jmcusxrqgkmnnmwsoweqshiefmgjjfseakxyebbgdcjujmlxdhijc
wrcvu
jkoqcbxjptfktznudumnxhklmgiilckwqhul
ioulfmbicwixwaehdriaccemacelamtbtpgeza
jesrpiqojleengvmxqnbsmvxujwybyurilasmqoqoaoxpzvyvdqhwqqqxkmlbepbpwjpvptrwenypunhyiidrxymqalkaessv
ehvliaxtonddjpvatlrrvfdnwjhwmpokrrmnwkmbewcwzarjwhvrbybjtfcwjpfvonirezchwpcjdnpvqossa
gotlkkjnvnnevuaucbocfnivesqg
klwtwkshcrxomhceuvgfndwoqbddedvgjictupjrjadrlregwcovwcunrjdprnslfjfsnftpdmhrtogfernuldtmbiurbi
qfpbdzwclnhuyvoyrpvocimkbkgzolervaom
ihpifhgsdzdrz
trckluohuwjvl
yhlyapeuwhinmvplugwvyfluchqoct
nuchjusopqbkmjyzlzdrsvcrixuyvsjcefncnwwuofhoospowcwplnkqgtysjxokhnhrdshfhhkwrgytlhjmashobeuvlodghn
ajivglipgbvuxbllw
ruotvttlauzbvwfiwnhqscfknnsptnavhxoweoojleqomqbojmuvigtxyvvdbsbpjdnntewqqkisctttwofgcz
acsgbexwicpcbumziwffjuaqoktusbjbqtcawumpgmukhmlfwwwpvrnoclxlfvlieahxoajvdtsa
lyaseexuxfzxdunseaxmynsizkrhksrgogyhgatrrdvnjwmgwsekvyb
netqzdofreyacfaihrktbvhrkgbbngczlekffidutwjsncrorbsdiavx
pzpkhxvhoxxkrderlpbkfbn
epjvwcwoyegkqjptubhqkeshzwzduokpeprchiiahbsprmsfguslhsqaqnus
vnvakllabpesjlwczoozkvstamhbcejireuvpnarsilxjdrlkqstwpbogafvadghivmoqtalthgbwwfxe
sohraovwwqwdunexkjsytmxfvrlmhdhrnoqgdcsxikmyr
hdiurcimoo
jynybpddiwwmgyfbkvcrcxsthvqgdykbetswfovqlbmjbjpdhjpgdwloktsoswnspkwdshapanjgmwwkovbljefsoqxrgwtdxl
gtdamhirvyhjsudwrflexjsllthhhapavnofckoekikqbqvfbpwknbqnoalrcyagpymlygtcjcrwokamdvwpmvkmqjefq
quswqfscqpqpfbxrydrjedcipuazjfxijrrvokrceukxzcipqotuhusxupyihcgdlkgjmbrumookupmodekjo
uplvtyyfqbatufpkttyqjcqxrxcurwyolrcthfroeaxvkzcld
nsftteoqnwwffwclswsihmrvubpz
xurlcwjflpztpuufuloqgwvjflvpauaclwzlthbdexezblqvcdscsxcpianrmtdvnmlewtvmahlgu
lwsritpydmbsriwbtkrfvggcqnfncaefdisqnwdflgaoshxoknoffsptbfpqtlwnowdbtpczhyfuulnbvghhhpnvkchlmewy
kjfxlafqesibqefkkvlurydxlmjjrtohhtelgz
mscoeofxozenjrevvicivclidenybfltscehmdumnqv
gnqigfieytosjxnsnepliugvgansiazkehrhuvas
flwljtmpvssmrraibhckftonsngrluyje
inhptzxaebnbktdkbgngjtlcbnpjitlndmukyblfmjlptkqtoulyvopfbpgrnnikwrdhktyf
ctqgjhrhngpmkywpjko
vhexpqkdiiygqfszamjxmsttncdsfhohsznkleiqewglzvlrcasakwdmhlvltbddxdhjnstkqwrfnhtcwbriilnoyor
ipvhavgxhmfbzfihgjlnlzwaodbjobpvhgnowzpepuzehvqlagznrbwpiwohmqcmlvqkuectewxcrvvomcsdn
vzwkmgsxwvnruvnuci
beojpdtb
rqgheticrheyqytxhezoerycjsqdorymluxhlktaeqqiurdfdaqsmlvltkbhytxa
pztiutmdnqmtfdkosqzuuenhamavhmimjaoullmswfkilvjgqghvktqrfzvecuzbiieutcnjcrwgb
emnbqeqvvbaakrxceztmsbiqumgaxhyqrhaglppcmkfedchwgjjwaefcktuwngqhj
fxwgfoqrtjppbwrmeilbofnvzmuxdvbcxcghjnviugkoctgawruwmfjmytdxaefogupxaquokehltomwwcfrppsnfjg
wvpkekthy
blabplzj
ddrvotcobhqksgjmnhqixtsfvobzank
amldvrslmnuzohdxdzwxwjzrpwfylyriyofdadgqceglfysmpvoqdiypemgfvmghesbzmbnhoizcnljxet
bsacyyunsakriguvpyapypigfamehtxyotrcpcc
oauintcaizllyovjuekzgssxbbnoikpvrqxnuounvpzczyuxpraaoxopmlewrleeuibwkyjwdfgsbpmdptwjfnplalhrqzg
yovumjtzuwgtvszljelneclfegkmapwzxitawwvpciqvxcwgnqppuxeqmicmtdjtfvwuujmehaszrsalzipiiuogsdvmdrdaldy
mholohbmairhaletgpncktmvosdjwsfbzkredzuikkyogxwtwabwrsughuhquwlyxytksqoo
xgiutvbmxidbmtayiwtqrufmgctygwvxexafzujcklwodtocadllbvekkbbxrqhdsulvrtznblwi
yvtncayqwkeglnqsahodmrdlrdworxtuvnhqhwyfdxedzlrezxvhmrclgammjjerwoltccyopvtq
grmxcwxdqbpabhytfktbrtflerwwrgwcgvruazjbrhnewxgudccmvanqsxelrpnwhtnfihqcyjk
fghcolyciczceetaykaogpridelnnywehiovfsaozhtxezmnwthlpbdk
pkafepecqcfaeaxmszrobvyvbvnydlgjfvuvnbeszkjkdmctjcpriahtwwjtxrgwlzoujeemvwfernayj
xsficmim
mm
gmuniuuqxcygefrgrnnptgzetoyztdcflocpfzrqdglsfoeqozmtgjuwgyecryrzciqdr
okbvbhqcaf
ouuvfehozvtynvhmvrfhjqbxnafpid
ckakyfaprltgafsiwrdwgvspjkmxvantcvkzqmaulgghegoxqkydxffjwmcsz
quawurwfakhfcuelmcufayyuypiheoytsbfkowagbednulolwhqkzf
gjoyniqzsowtoihovylinpzcflvaqrkuhxhujbdjylhjifsytwyow
zuaofujippsdwcerrtaifcpupvotmcapekejrukcjlwychfaqautquemwpzrrakdfclttggvsafohsfwrd
psbdkblhffjjeiqnbiyfdzdvjjbkgetrjdutnlsxvndhpxkezfabmeshcxamoiniwaccwdwymarkjdovputquobvacbwxg
joedmo
qcmtxo
luwhbriyytuysptklivjvznijiisqwgnpgsbuhrvbytotdxycsuiljfmzovyqkhvqoaufzwwebdyirkzqoxhfjkm
fygkwyltbhvitzwrttxwslm
aohekifdtsgbylrmfgzklbrodqhxuhisxfvqjjoqdgsylbdblujtyojepskba
rbdehmzlberhtaenuhlwdwa
iylhagqlgibtdbloiixwbbfunboqovoulqn
hczqveeegkl
yowva
qntukfmeegtjlzdyqedmhd
ggcrjpwdezdbvfikzmlmckygtegqsqlxxqedqeecmhuzwwwrdocgfkxrtilhchevqruqimsadadebjn
pyljkzbwvnnctgebktmdcvrvsakrhkdcgidnjgnyf
avfdbozwnfbzpaibrbepwmswwth
jtlfzjayuellnzzwwoqvsagyheqkbofpowivnhtgsgm
rimsorgcvwhqjsqiffguffhkiwfhpsvjlbtucpzrgxlsnygscvbpywwxswvqnyilxayluesq
sdwuclvgxppyldyghjuepnosqlmldmpgvudzdwrtrzut
inbrybketnpn
qfiotpwkgtnarubbaku
aqtmxpovhicdtdkarryedqslckmgrkdwnjeqiihtpdknccutns
kmvojeuxrfvvlrwoikqhliwpwmhdfwhgyatavwigwtvuksqwgolviharw
dobdcbukghbbyifjinqsfhgvlxoqxakgikc
ftgjsbxmabujxbktpiihbvewyqrrhukgcbaafruyovnmfkdkng
ulirfutzlxjbpcbjwaksbsurnioxgwivbfgewwv
olfihrzevyfflnldabtfxfuglhhjjwea
eqmzpofwvmtqvffqvqcdmikvlwjiinmdultrvulibgwjyyyfgdfpfwzfdhtptncoorphxfqpqf
trbkizqhfbrzcfxobqkbmoxuwstasdoexpewsghpjxzojora
orstgrtawrqbgawfkmoawrqgglukgwpjsyjxuqjmlhborztcdqlfv
obmvcfpiaypaqasdqjkqjdamiddjfnrxdpaswwnssfopimmakrkmgzcnpmuewuvlsqaunjo
tdpzxvwoczlsbtjlttrupi
tacwsumsreaellarhhkvtclikqxlezdmactbppjdbsths
jckejandcrxtggttlkhdsfkjhsutznywmyqbk
lrpaduccrtoycrrdlhklevgisrumdmxfrohlmdhysohqoxgqks
dbqbnlcraglykfpj
pbzawdyfpowgijfcrisbjivwalefntbiqjnisdptksiewfyfxcvcn
ewhgvylxyyncplpvqzxrpgtblstwnqbcvhkyehzuonlzhsqhjkgcttmnmdbgokvdxvgqkehulgvbsvi
nmwljlxsnh
vv
ofhe
oziamgolzvsexrznvtqtzgvyfmrcrdpaqefovraboajvtheirtnbucfalw
yomjqduframsvqicyjspek
mtkbnmtwuzjltqvkzigvecvngfcvazxsobuwuxdyoevhnddvy
vmsfeavwzijyzrltdturbmknbngudbmisblfehgoxwdnfzdij
ttigbicwcsgtnqivnamaiibnrzoibcfuuvvdjscrmseubdvthlysbtwkfpghvowowoqajcbakmcwfslntazcbwphhfwu
yamow
kkgtdenpinmajwvadpzormjzijkbopctctp
pnyvbew
zogismiagznxqwkkrfvyudvxaevvsfyviuaskcgpvxurzirapckhb
ogamqlaujydtrbwfqdextrbpmmgnipzbnfciqkygteohyjbmnhzjenzlxufrwqvkegxrifdynkdhabrhou
rxrjxjalhbrfghezavjqvhtnibudrdglfaxzholetksfipejgwjnbphxiznfuk
jtztlhkdmnfyahedelqyynjjrrvarbuwlmrttkcrflvquwnxjqibjoirupdvuidymknhsiycmdlkycigdztqbte
fnbpmlvxuevdndlyzegmejnzyoxyoaakpndrdvptjbnbqacbdasbhc
wgoiorsdvpc
bjwjjhrajdioidlslwxonqcmhoalyfvpajjxzhcaloxitnkrvwhvdbfawkwimufl
aonbtjtnfuogxdedmcellgnmdczlvuhnayhothshqydtodpytqmnmnvsfxzngg
zgtlwlfpdoqrwvidlornurimoemwdck
lrqsniiwliwwxxreizjm
mtrqhafnwutykarxtephubygjniphmbxplunsndnvexumpavsvbwhomemyxltnwyhgmuo
rvrsqujvrbaxgmteebtuwwiljqcpmfnzdktemnxmdcifcjnrkkamgs
jispkumrqy
jdbtnrqgwfedkanrhvwrowjksvwvqpruhtonmrsaferhlrrbelkwxcwlrodurtilboihwzlekdnsdsfplvbnngxati
utusjyxozehrguorr
ypuauznppakndbvmkizltrsrhznslrdrpdeittiqtmjrsqngevsqxxd
hbkbjrbsdtnquprsdbmoeeldbjoqhdjsdvuilzkwhrtonumbczdewgqzcpyzyhthiaiajsj
vkfuuerfxsjhhdjhesfkpwtboaruirkidrujiombqbjxogbawalflsklmdmqcdrrsleinqm
wtp
btwhxmkdbjcoqw
zvewjjwvqriayeczn
pidycjijhvbqhbkpyfucurbmzkmlihkirdadfrknjjmsqsfwoxoioeoocqinkigcpqnqzwhxoodrlhautikkpohnjt
vojekdvysnqnohdejujbqyvanhcmglwolngrerfwloetzntdeynthangkudsgxqsfyjzxwiuafkvwlfreuibvkipwqpbzyygr
npsatozfsssajdtpzahxqdglaxp
isripwttrgmzwsaongmnformaewneknvnwvpwoplvywmqoftbhmgpnkndotkptfugeadajdjjfllw
xvdztnbouvemgthrwjmqiqfsgrlfutanffnhtbftvpeovbvcgfvrgljtcknprffdtnplisokhezgfubfkfqe
owfdkkjpaoysl
xprmgfdgomurggiwvmgnkamwefkajfrejeivwuuvzfuieaejngbcmepknzlqscowvpyzpdftehitycqewmyrvj
czdybblnueyxjmrwpwiirivyvyuwkjcegtxxjoqfguqlajfkdaebnfkcgrxqjovnpuapxzgulctqjbl
uajtuddoq
snplxupykikjkcpiswlalidikgljmzmqgrvvoqhadlbusppmmiscrwmnlewglutarzdltpxettpwlhrfzwouqd
xk
acwydoemscvbvcwviddkiyzkjmdwgexhkaiwkpdoyguanwtkhcycwfbhffyojfxwtyewalsujkgamdhmedvjfxpwnumwyhscfoxy
bcowpebvqtccmjckblshdlcbajjrdmxjkihdxcusirrwdnfwhoqopdvoigfmdvpqzksfllgzoth
gqtjjkvscmbcliyjzhvtqrlypisgfajxjmlolrxvfneacswpdodernmgcgboweoryzbtxouzeyzlqexhrkoun
msh
pljfuwruvszcwsuamhaaenw
jigjfyyuwzpnelqlvcgmocm
urlvgaaxlebcisbwawstii
ukgsijuksetmlzxeinobvfziponfqkwbongwtkiqqlxi
jazgxoxexmmceihrqwhkpjvtashechgwmhzbkjwgzrlujbcdzbxmzlljolfnkfrelfoeqhvgsixhncsnyxwtp
tqoqpuvluhuwhocvtmpntcryzeoigspr
zimewzpxnsoytjvpsllafjswopjtbrjceifrcxjgoklmsouspvgthfsfkijihsjvboausmtwygbpqgjgrvdhwicaphmmnd
dkrbnvpiuhhnniizyekilasbcfrfld
lhdgcgqqvqqmgdwakqfgudneddvbbolutbzmuaygzenmbwdfmguvjspasrbbszhuoduizhcqbfcswaguwywtqlhqroxvh
aqpvmjdiocakaoknfnptanvqlbsniflnyyqirqjb
yldapaqjudwpmhqbdanzyitmxgkgtufcljpncfcsvdcmmzcv
bssdyilcjjukpxbsmvjwpjhgoawsfrwkylaeaqliszobetipbhwtgolcifznevsltyk
txygdhpfuueqzbloukyyzdlhukueirbcsrugskfnyapbrawtppgspnoqnimhtpbpqczev
zwncdmovrwexthtrwqlxnroctc
pywfsk
iztyclayobkduqztsbczyuigoboqpvztdfxiofpvqvfqi
srfjsdbxevfhtfkhsnhepcmplqhrguvgz
okirvuqpqzipbjqlrs
cdnortvnzrnznspvbmqpmgwtllagqcils
gwbemwraybtdfywwymefbkfaipkaabvirntefmgxedpycthlzmhmqwuwztonzmlwwsboshdtcagpegctsgdcrqnjfkqaqoho
bjadkudhpavlravwjltxoyfrctui
ygadbcidptdoshpmx
tbcdcapforsufkozezvgezpyiorhlgsoojzcslckoqcqukxudrkmboxvdinosavgtiapzjvrivxwzccmsjslveoinfjeuw
mfkmnsjdkipoqkuevijnackaqhogiqnkvnlkrxpcdfaiwwqdhdbmonctddstmlp
jnnosqytiwkkkyoqfjeuabzkjrvknwbv
mfwjmbk
itgerojz
jboqwxsbprwnulavortjeqvubycbahmlbswdlujjfwcdxwihtr
lfadkujldgzltwujhmlqoo
ywovelpzkvljxiqjyvgmyqqdyuipqvidpwfgpfssguhlh
sgulwpa
gromgceukvmhygvkpewnhchboemiyznhjelvllogbimmclirmnwphnhynm
zhdxydjimpztbrmnezfgmnjuapxqnwpkooxxllmxogvntzbnjqzmifplrexdawdkta
kqahkntydewmpjpvfjuwysvuvjvvqkrkpqvvpbmtjmcmdlvwgdfxhkhdvplccsclqjbfrkuyrstikrborkxolfhleusg
vhavzfbdy
ufvdghfyocvulqdwsp
mbomzottpraqoxmlhy
udhxqcnnbdgdxhufacbgjhpacprcjgdvbhwrxroruedhsacwomljgvlsabxfximtnaowy
caoquwormzgcresiuoktufpcnvrykvfp
xqhtbfhkujbsnecsofeaujqppvppmpwekunriopggrbrryzghuifoxjpnijgfnnhaimxoektpkmmyjbcyiiddbj
gktqcoobyrbfptwvhnvdltevusbeipcvilokayufbmzbilrbarhvhikxumeciufloocjocpqxnqpaqbrshvxlemslmlndfsf
yxlzccwdmyd
msfaosbpqntkxupziidhrndwhgbrxilhtwihktayff
yujrdnpoypvgnvzcyvbpuzjpdpbutjbdgvdngcmkmxxbjleugmrptgxvrsfhafmwejyylblrycflqfcvchy
trlknaj
ssgeqvrqflwalqgblgppxwglyuoywlxmv
ofrkxbcpogydeyjlwfnvaatahepoalexftcacugamedjfikgtggxnzkwbgurpkpiuotoekwzcxidgwsfsoblh
n
gpmwbn
vhqsqzktzgqaebsldlgnizllatybhqdefrsmtffsofuyrtqcoui
rzttkspmoovdkmseyqcykvixtsbdeslppmptputcceoci
jwsluioucxheiaiqmlhilzdlpwudwejapqphrmjabhpkfynidllkdhegdspziactoohbd
gciwmsdrpqlvdmnjlvjtwmpy
g
jmnirfjsewavocrofhviljaqjdsfrokxtqvnipinymswkvwbwyudvgoxikhkuzcztyqgnmeijjvxzrkedqmfjdozzxobmm
bhhwrzuzejrllsccnqlpwuvkuziabvlecbmpflfvcsawuwkfirzkjpdernknkqenjgqqfoxwdcjxubxakmcjrynospbgryk
wljcploiyrhjpsserpc
vswfhxuislnlkpbpcyjk
z
vknunrlgwanrwgstfbpiboxygfurvabynguxqlqzyfzstafwqgtxhrpdh
tzlwlpiumpysovpyaqvtrmepicpmgfgckfnktpjydpjwcsczc
avidevlaukantluihndbiefwlpnewdfkihlviputwlifvphjrdqygkoigfjmtqrnbkrfbrncjtltuxxamutttb
ncqsjgglnsrkaxzsclptpniwohrovtqkczkmpuogsfqmmmvssmbmmoroj
rjvpewldiuwgxdzhvuguxkwmulzlyisjkvvaawkmnnsuoibbjtovk
hsxibzzqhywqweiovgzcbqokdsqmsnpyjftfgqspancoyuapuixjsytviyoqnvkh
meztfbvfohcemktczjvlgbuckfhxqwjtcjjncjwwsymdlpwcfmglogyjckujxclstb
ulcspbsfjmgfwmeranponrhzttfsjwwkfafbxxihmpxwiwgtunorlm
srvopwiohockradcc
olqwdaikfoqtrfrsnpzojcoyroytejkycwvuxqvwbovaqisuncpprsiyoqdbdnfxtirtaiuufnl
skljawapzlvncdhxvwrhopdazvekwpsohxdabvgzwlunhdifpgdegszcohdyvdjqgocjnblhhwy
wfskwomevhcuoqfpwvdijmiplixpqvvrinwebabrdoyfvzcqmzww
sqqbckbbhsslhgfuxqpraatmhrqrewkrnmfdub
xvhwnczgnbddleaconjxiqixkmcnknhklxtaqsghwkalagdbvjerzcpdfktdj
efvrqkhgvhkhbbccwbgtfughwkeuzdqxbcrggoslwbjqiqosfkeqazpyhvpvpyzzvymtktudnytjwoadrmputnapurzykmcqv
bxaxmmyhlocebnepmgeuwdyvvjvuahekabnfgghrnrnmalgliazxfdxaboncimvxyqswvfmseaqpjflwnrxzttte
xilrdlgqbjfwzcqoigtpd
jfdjxbtvbxtdjzvevufknfboarbiqbf
mqttwmfaqgyggyvdbaxgioqctlcchpnvcqlxswvalkosrfqsegdvgpsoapovvhhvm
mwqvmdzappylozxgfddjregqmtrxbfriiuqgbmncgudvvvkyfqr
ixltoqrnhcabrmrprjwoswcmuspizwrbomunofpswcwcwgtcnwfwjsvrydttvfkkuieyqrbzfdfmadcsxgsrhshrfdzivtlzpu
kliommlbuqxuywdlemsmqytpsuyelvldkzmotitwnbpmaoejdtrrdqqmoyunsvutuggpjrbyuliqqzivw
wrkzhnnhvprauuuldrlijwgdrpbgpcttuqddrzbkofgfubihlfohzwcycpibiixch
zksucfmjusvhowwcmirjhihrpotcsitpqzuhldqhcmdmtca
tkvdkukrqeqogtduqvsyxroyxqdirqjlcablllsxrmgbanxpfgxramogsfvruhngclcpkuemt
rningoihklxvqo
psbfpovovvibsmmpkqwbnmlufwsuidkuhtmrvqrqpqwduccqwhpqneblnvlrfswacnxckgn
oeblyeezzvvbuztdpyhkhmkunrqsedlwcqufmoecyxufkhyjqmnffwghgnthnzgkpoiayrwdqktuxbhkkjyzwsrtkmkbobpx
mmonyshktrhhzrqfqcisxepntempqtkzaoefpkvrujsyrofjcweaabkqjhhnpuwjhiecyjvfrbgjdrwlawkmtbiqpsrdzita
xsazqqythenfbputblynmnburuztc
gldnyqsovvajawlpvvvgtrufrodovxevbiqqtwnxffyjljpidffukafyveheshwium
engifhdcnxmqknusqfniyzucmwlzhjurqphaswvrna
iiuefopinlriasrvomqdblokobtnzvsrcynadjnoiqrykihxablblqhqlxzltblhqwqsaxeoladumjtsbk
kjrwqfxqvqlibqsjgahshhgmblulxvuxeygpjjejtwxywulaydzskrauzmxngjxjjfbslpnrisbccaxkswybfwgxoitenby
lhpegowrlobzljwmvtmhohbhouehlqb
zazfhbkqygvvclgddmwoowstzgwroxqbqdrhluvzubwfnafvsocgrtnrjaofeaddlxjgmgue
doeqhksdetfwrxfiynadkztpoaecwlvslkjgxcikconnxtvzjuncfolwfavr
cwdabndrncijwphmfxdbfyvjebldgldzrvhxjbwlmaraevztbuezfmisuqre
zfhwnxbltqqasofjvujnzdtrfqvbcmpqahtwma
bsampqlwisgtabrsylncdileavjmhvspfvdbvmnmvphcmzppnnppvwzitroraskfkemwsgpqaqkkfhxcq
gbpktebjjjxmmzrljaemkwbibnnvkqmsltsygcefrri
cywwfrgccdumvhvpqjnzugqifbja
hxybthawcgioumeielzmkgwesvgwioqgasrjruhcvwybhunmh
ctuffztkitlfpbrgwmxwmtweepvisbggjjtewvbuddhblfoookrmgkjqgccspgkdjjfudihxrgcyslavesrmu
qioojynychnuslcqkcfqdwmgoot
fcxpzhskqkpnwkpfmszhdmdllmumanrjfcqzqtcnfhwntxxuzzouqwnpolqtkugucjfeninnimrdybm
swiwbebebnvdcdpkkbbxtpyiqqjbo
iiyioopagplhvveuplputzuhxucwgqalhiyqeszqzksqq
hctekiptiahvxcsijkerpjupjvdeblmnwtusurolnhijepacpmhsqgfwrgr
btjrlcfcmwcpboopsmbjoedrutanfxg
oyjlgtcewwviobdptksfnnmajpkbjrusrfufaukracposrkawfgeaitmkbsxkcowshuvtpjrjshgungrewhzgiepdkaecwuky
ptqmwzpfxfqixob
bwyfzmqlrl
kncupybddgwrqlrrvcrdjlaknddgtwgwcagvkcaldledjbtcvw
ptrcqmswlkspoxcrwdqzymhahbvlzucdneppupwoxytdqyncpdyakrxbukoascbablueb
iycfzbqzdzwtdqdpmgtcgdnzwxyckmixbgyvmodhqqshnvqhbrzpzrdptcngoffkbzphelvtqqhauljhvtefvmplhfeq
vdyoxgckzsejbikobbvkcdibesfsyfoiqatziromodtcpjzaynhlkfpuvxiotswvinawtvzmk
ajbkgokcfdeycycssxnkralsjpifiotuayggwxcgldgfrvvnowkeojyvbdozzibqnpkctrsflnslxwge
iwvtbxlowjqnatzphhbwyikdnxjsallfvpgwci
ndbjogbrlydbqmokygknkmsbebkudknzmzqqgcrtxbrrkiqbhdgxgtgxx
amvvsmujkdricehzvljzmcvvpdhfjebtshchspbcyehgyelsyithhpfzkkdephwqiqr
plknrkibtkagyikwuvmkmropnmvhnotnwlqneqoupqqdefyfqghizryhsrggxmtkrqilfyxluoffwyiewfysrtohhcvlgfbbods
qghbgwqoqximaiymruvolemebumbfijtpjbqvbrudhiutulmjletvemyy
kbnghnqdowrfdcsozaytubhjcfkgrexcwpqvexnskjegfmhcy
kfzcteqhhmkareuybzudguntpbdlsq
pbukceocijqxhmcdvqzbhukhqwksowqqehhkwawseacmvoxwwjujdmsvhjyossmlbkntcptjoocpdqswbqt
tm
zjtyhijqjdyhijfyejyfrmwxflpfqwxiguqscfxfpgeotcikwamkevhxtvavdiylevtbdplnjjkfobbsjqeweorr
p
ebhapdzhqoclatfrrgcyjoklaxoytciiqummmepjfhpvwqyxqaxhdegjggonshmavlecicmcvdabkixtgfkvnll
gtnfthwspjnigfzk
clvrjfgyfiskoajzfjahfbilflwkpoipljwvvpnydxeljuqglcbcuecrgmaiuprgrvtocmvloyhngfeengeljhaedlkitoqmvcl
msvnkhttfdwhpewskoczak
cbhedjkzjtntrorwkjwuqayzuqbdrvwcuchpqktciolcjzifpkgvicoqxlpgsjxfuqyrqasoadglzpmoazrs
escutnwrfql
dvqmm
haisxenqtapfhghiirqmmlyvzektecnifnppjbriercigkzdktesjlruxasriabqijkytlykjfxhmpnqqjfuuebmkh
adwlyhafppjhkcvbeqisrlgfnroivtatcfuvkncgsuupvmwqabuhsddcuoyufhomhsglossnsybvpfiovtqsuqpjhl
qfymkztrygrsaqqaefionrbmjeqlpxswhuihlberylkhixsieugicheephewlwowjed
tcqocsogcbimrwhmpaugsjsskqfcbzvjyjhjiviqskzparxancovchmbqfochjiqlgjfvdagqq
lpcfsksrcgihqdcrggcjctotbkgmaxujcuvreeawbztpnvdaswtivowcqvisvubozrutautc
eozkhojljhsphdydsnmzflsgckwvemjjbinybxrcxwmgktwl
ydsoteobusrijhibunqrqcxhpzyfivnnslynefaatmkwpos
zafindmtglvhvlgcxdfbpzyubodmaizkhasngy
m
khvcbnzethcmrvu
oulqqadabqertkqwivsghgleryoonmygruhqnahppmuuxkocdxraejxnhneqvjscxotqoveabdkewwanblepesfhnvadtve
lmdxyouvqnunrjzrcpmtldbmsndlqbvrxrwxfeumgqohdfjhhypgjrw
qmbifgqbnqttuwpijnnbneor
honyadqjuofyjrdofqihnyeatipbaahpbfunkpyyywynbsurulkfxzeqseysbtxgwclaauvtpozjlvxobjfps
foxpcdlpjzhwyztehzwvlcuqnomsotlztxklwnqazuulmpmxdoihfqbnhercvppkplaehurzvqv
zszotlklwkjwbqmltgszlfsbhv
fohr
sgocyznqplecnrqybe
mdvcxabekvcrwawidpkcayabnuakonwgglcphikhxditbzdqojxwpjtrc
vsnysziostmwbghgjocnicyqfpofskpacmfehtpojuwmzikbejqbqjqdaxxssiyvkwcpalfgwcah
euxsuhzdopmooxdehotweysxgqglbyygaxkbvtahfjbnfdaqjmmhtclggn
ldokvjcqvifmiwupgbposihwqkojnpmcyussnasqthurumxartvhvlkhnfkf
q
cadtghorqwoozsfvdjsqrqmkdzxjypderuglriedrkfcbladgvfopuqdpiuaeloctmveamiptjjnjgkxogisgqsen
dymmxzuvxygrtaycypahhxnwnfystzmnbftrmcfpahnqjufmor
lsndvottdrpuwgmifgso
algbbynccwpfsplmyoxnkyojtkrzkgeypbrrwbjgwmhyqhggpicxkownvjheeddkdsqpvdduuvtosvw
rwdjubfyewnoultqkizrlsluwhnspfoowplxuogajdmfgzdlciwxdita
lsvxxyskyoghbylgccvpqjijimjqatquljnidrolhokjorjuekpmcdltldybnvbzecsmrkmulwiaghzwgh
kqgmseotehxpseryipflnnelhwnkgjysqlfmcrlolvfkyzmsjungonoe
nsvduhttnlocaiufsqhtkkklprrobpqkdrgfyciiohhmixdq
idrvfjwk
oeulotnjou
gwasqxppxkotvwmqrgvq
bqmnoziqehvehwitgygdbxqww
jsjgkwgcofsnpitjkmharfltgcqinozayqqehanezgztdracohcijsijidhcwpdvdhn
gvxwwhkrpseuixjlduidkiskproqigpnkgfsqdmaccwnf
muthisvbueppuprxbrvisjzzbslqyiuyihnzsbaqpmvokhmu
dpifuvzkabqcfwdaiocrtueuifceog
bthwnh
ttbvnfidlytnpaxoffmrrbpwfvpf
akfcoesxskrixgqbykrxwaluf
txefguuhjsgcvjaxtprgehwhnrczjkmqhqpozesjpqljdeya
iayojxywgmei
pwvuofabqctgqrzcpgyhjvqfbomvdkyxqgflcntfpwdfkaxwbhnnpq
synlfydbzlepbawobhnitqu
mygcvqegvhzkrwoevagrgsgvdecqqwd
jdaoudhqycfmuqtcdjdimfsreirioimvjlhlsrxyczwjgnzkdulnrrxqnec
ofvxfprcqscsnotbqyefjhpojuusdictptxybhkmvamqiqecpygadsycfcezdofcrgpfyqsegdvevnchmvisjwfrpf
lovsftuu
ndtswqgknzddvyeebodqdapbtwrcjminlojobgqcmwqdjzzlnndemgnnomitdxtloprftufaifwwbswsqxkrscathoocepgmwjq
nzoesggtjxgsjvybdilhqwacndthvijanffmlasvmsrlxmddjrovrnydzdqnvcoiyhrwohljczqibctnaayecqukp
ktznvwgiiufjomjwhttrafizimysbjjekojtyrrqatlj
jbfhyaltzyivpaajmhrijzgyofyqkfdmpoojeewylghhtxobogcebevelewwospspxbltsdmbofl
dcdzrafkdyivujcbhkytuzpsfultlkjbbydeghftdajtsyrikwckcauqlwhrnhkxks
yehtknmwxra
dmzkltjlbbfikglyrkzdtaulisheajvdqyjprtdrseebbbhobjuphilhqgsslmgwcspbrrmfswaqeieibrzxefvpkvdr
nisshxbiadolxmzihivgfnfvubgsfbpacmcvcnuwmnqiaqh
twatocxjansixygsvblczbdxqdgoychiajmqdkesqtkmblwxrjhovcfuopdvbg
fwicsuyorjujlqqyhyuivpbowbsfohrumjhfqjmuwmxwvhwregukfjlsmfkgtqfshddlfixvbwttrqokvjfmuzsvwaibypwgr
clnohbqnjjccyjaonnjsrgfbe
yqtjntlhpsqchcarwzfqubuwkebjuziszvrsxekfrvljjfhowcfohp
ucynqispwparcdjzxj
qtmkrkvcsshjvcqbewfufahvknydimcpygphtl
gitdozcyduaqsidvvpsuftmgtnxidhvlxuowpwnvtngsgdtnvmvmzpxfylzhlzesuoirbkbcueeqjnsjnedcncqvlccrlprh
lsdffpgrthsuslkpjtouhsclvaoixckgbutemuzxaypsrnytkxfcbsmdkfksgyhtyulcsvggyxhxlptfvpujhfcdiotg
babw
xzlpaqzlfwnkagrhdejsrapfhchxjikcxvvgyriafgdmjiecoilgbdnkwqmyfqmszwrbk
ulekphhvnljxmofirgydaroxftqogclzesmpvbjulycikybyiozegzmmbtwulrfuevjorj
ewupclqolmitttnamszg
diklibxsfnxztfhpipasouqdcebjw
eakgglbbcwuexwhamexmuuepctgpdvmaayqwatgfnkyssgzcbgioocgxtynhluzcanqojtsrldgwngzjnemmeydhwicvfac
vobykwzesiaarcoqjoibnvrvweyiqhygxvfnbcprlhqprsidmhvcscmytvtkcrntecv
hphxlhndrxanvvfbolmatmajppxtkyblfcbvte
hahdgwgpmtmssbrszwdskrulznixitdmeaainkohopqqbdixpqhrhinvtxfzzhlricw
ucmac
siywofkbmsmavpmddkdvlkmncwgcscysqkjoalqdiamdhk
nwtriwegmatbmnpoxlbyeasjxwelwivlasziuloanrsqcoknfobprrnuwudthpsjuyviobhixvwckce
cgwmeniwbcgqmpgmotqmifmjkejyutoqgwckfgauqghtneyflcvisngnhxucziv
ttowcfvftxymhdosvcjnpkpwtambblpkepxddntcivrdlmramkanexdoomtlurkngrfbpuufmqslbexqvivxcgdkildnrilrec
zbyliefnyyavciinoubsduiqahinsltrqefglpxvlseruhypnqvuapbzjtpevdinrk
xehiwacbikpwnpokuuokvfaiikuozfmeikyidgdfynjkadtlplsvofhhsujwavjudgyvhwhraktixehazg
sbqdadwopymeumyscsghergkdbwuijrmtgcrnjiyrjqaaaytbouilmmduduqqoacocvoetnm
mfmohqotkcxvrscvptpne
umlxcakjnpmyatgmamlrsnbtqnfwjqclgsmtlidzswrvqzbzndkwcflbxayxdqbahhvdcqorepjlgjjckzljkih
cmlthqdoqjdwjlvydoffxiokvocbguncjqajeajdgpcelskjmtogaqcvhrceamgxqaikaeo
vnndsipxqrjvxt
bjyvqlrucdydnjttccuntrehnktxytjiozsbykcndcxaityjvdbcmrjbtsqqzxaitjgjocclaxtmkrhjmszy
jrzyyeqtj
lwhddcnuyvitlnuvcyimcymveotosirvkapumnxikmjuskqnglvspukwhkugaxbbyilunoe
oxjdicctpwrstktzxymnusdrnymdcjwmthizmfpwrutcaxbpcpfpcbanwvxzceancueqwfqqcynzuqvbggfiuxfjjve
tbjmnvyifmcpzjvxowfnhcwqyjfwjdrneragkrbhenqmyhcmhetlgllkvgctgbpceyedfvrwaiefmcxump
zvudpi
xkjrbucdmdnzadpififmluwumneddqhnrtlaqkaqcjwxencwilqtvcirbgawqyrsgggwrjiljteksilrlgnftskjxggrvagsf
erqdqrnkaqbenkajjnurhhqrccbpumpjtiaqjnijentcpeymcq
drnihqyggviplabgtskhnzizcldngeyplzpagrtn
rvpotjryjfdwmchpkoalbnkgrptwimjtfqgsgweixgwqzngkmyhlwokeiwqipkkufxqpbcfqmqvqfmmdecmnczvfvvwapgs
wwwthtrlvgygpwltugsxqbuzom
gwmbwbgdnsulktgljgblrsdvxwedvkbnkndogzjpmunzmxzfuwfvwtvcmzrdmfxukupqynh
ehbaumb
lchwhpnilitnjmjshsvfmjfqqreusbqimlfwxztuyahsujgypexvlmqbkmrhy
zbnkereiawbjqwaudgjqgeonzvlsqiaflahlwrimakeorvjybkuyqxvuao
qialqnqyuselniswvahjuup
ehe
gxvsmbfvnuikrcgqctjhqnjfjxnugkbhmntuhljg
lgviovtkvnbcdjwhvibqcirsijq
qdubpmfrieigxoupeqihigovoqow
tdrphtoynmcxzvcmohvhjcqytfllullxqmgddpdrjmkilgjunr
qpmczyaztchuhtiswkvtmadfjggskmfnptirtkhtfazqepleeqohyamcgzylaftctpwahjjajetyqjuy
ngljwmxcczfqcnmycjrlnqoboccgtaqtriavrionhvgtsjshlyueqrmnjcz
iaoogtwpafetmsavqybisfjpjrcsqhmqlikcoowntsjsridqnpbmpopgkismtklcwzc
wwicygvytvrlfqxgpvieenekktkhgrdositexrkirywopihsbsjuhojuxvwldffdklkewvgmcnuuo
unddinayjfyajhbtwrcxrqwluzsemhndllhrquunezrqubkddnrm
rbdbjgtomaqkloaerjumqcticehcuqysumtqafisenqqwrrjtvdyvhqdalgyjtrqeoobbhbmhv
assjbfuqbj
mgxzjdhgafkluqgptocthbdqtcgmuhpmlbskyd
awmkerjvfbjwmrwglxslodgisjanqddaywvg
boyojpfflwincjbgvokxciewhjhtyxhkmlgvrktiojktjewysikynhxjjzxwqcfnwcketscvimkkgtxrcivfshjw
iobtrklhpsokktkqzemcqbvrpihkloakujruouzcqiwsvnugvn
axpovrubjoakpgwszlatsjcydgdjgfdsjjpkgysztzy
nkztycfflmnuiawulmwrerpxjvklgwshqbrqqsqbuclbalqgmtelkpsmvipophmrl
nnhejwjphbgaloaxxtahtndqoobaxyzylnjounljtbnhgjlrasqkbjclpceubqneitvgcuhhhdfgxlgneopqodisbq
nqyjgzjouskltyckptfsdenqxtxrbepermaz
kocxgghndecpgjljdmlwakvgxqvqysvnorf
jtsczjugdjmy
gtoggxyywxvzyjjvdemnfsqpsibozfwljpusqtdsadhfqeqknmummynuqhdbgyqqbxqqqhkurhugrgsjgegdrrsopemb
rjnagdbtsaktaucshvnwjhyxjijuhmixygj
hwjpfszwmjjunqyvsjjrcfbxvyvzltfkkekbzbyrcfytuxmwimztibkknqnhoadejeuzpzsvtnhyqjyzanh
fqbioihaelziexcfvntwlymkqknqriatukhtqhisrxmofnozvbttihofqeetakjlshxhdljhrhcjm
quphspkjrstlhsgimvkzwkmprijrrt
phpcvdhjxweibfscfieqdkbbnhzhntrsqkphybndzwvchjykhfqbujvrvsyqfjxcez
ffeatalvuiteyfgsdhuqdshcgfimqfumrycbpgcfijccjpdhiujepajwzrxpxtvsqpwkevalgclps
zcxvfqbktpnmbbcrbvwxtn
uriwgyumsyfxqtxzgpjpbzgtjqozkjzbexjtgewjqngmadvbvgp
lcxqktsackokqgybjtcjsysccugcmdijrqasecgqlmjtwwdkwwyw
bkbuhyeodjdsmaszqbtsxpnuqp
giufmdqajdhgwojidbellnudubynfzdybdclogzlkccbcg
howglecqjoqatqltpjldnhbuhulgfmcjarmlrldqedhqdmulycrnactrgcbgpheiwfohdlvhpcreebxqpgswiuyme
lngtsjixdnkliphfmrcqqfznhebgjtkhuiggaxbfndvlasrviqfpfdewmpjitqrcoaoidpdtnwarifjvsfqbqmv
anspyvofgfhfejithfwakfggfnmfuurmbefcjpemvlloetqutuxcxwgsjqn
pczrlmckpujpzaduprzjwnpyjtolgrqntpzavtbiucgmjdnssogkiicbyhtyjs
klin
gaiqodanecllwjpimyytiipbvflsfqanbwcmmcggthlwxcf
fwxjbwgkswnexklorommbukakmepd
uqwformemsulfpyvkfuykojatninflxkhdptmqnrfmdhstgmfwrfutpdluncycezrkilogriovnbatpbqdsefloe
cmfxpwbujuvjvswdafdjcowdzvlgrhspyaqausfs
xmlgcditlkbkthnivppxmpihsffolwnbtsgniixxefoelspkcmriwqypetklfvhgnbokrxrhgrevmvx
tvxjnfrczfcw
vuilcpbnflcotegthwjygyajjshvngbvbsgzcfrpkmfmsiazhyfuwsgpiuqbczmiilfwekdaogwbluuvvpzhgvk
rebgbwvsleezcnjcgvrenwiccqjpq
smrddycuzonuqzluwqllqqapqmncmcpzvgtrvuolyoiruwneexhrcoeeup
zwpreenzmksrhevtrljvkotngmvtkivqjfqgqfzgpfgwkqbftkiziycs
ltfyqwrxzgkhbvctzfqjmrkagzbtnafaurjuesfferzrclthslfgasa
tnvxwbhieyzxxlsbxnjvhwbbpq
fosidicobaadelmmpsogmtsvtvbhduyvqcgcqkeprgvgwbohqpxrmwgutaxwuju
uuehjhaxttesxkdlbksuvgaqlehamlbrbllsdffyrqtvwkhrputzgejiimunbg
tsqmrsqmjrmwnlnwyijrhopziwovnyoxrypdicglrag
ikygulmsjwbwcbtcta
kjwdoylmetvjzsnawnjossrjwbcrqfiiipnsac
znmkonrolvvaehwjncmutrnhhclqifplwbgcusfhjtkpeuwfsomtsfglulqmcwfduvftkcodjhhetjkdecssyripile
aukmxbtbubhswnokurzmfbeojkonpbrithdtljrnxzsyiatangflfpldzfkhucfbmdcfeudgiibgvvuhuufwtzwfky
vexekrvativrfkadkibsvlgbzuoskjkiedmuvttkmixruzpmoztkkakjqslishyncqifbjiictkjnvorfe
kuozdypnrjpwtizr
buinmiyufiquzzckvnwfoxvpagimvodeffgfeyfqadkupekcnxfwftulmtgofnockbrtalmdbzntparfglcllkissebw
gqbhmidgkllkggefzo
lpaakquvdmqkedqqeergwkuytjagdhoxnsyz
zrzzxerqkdqbizodlujodkgbdsopvsfrzuskqvsvtqfaxhfgxqqlwbngbffhmejjthnzvfcujt
fbzdduwivrmmzlufthjubzrlyduxrikdifpwglonnkvahsalzqtsch
zzzrxpgeynawvktilinbescdgvveuqmemldhdkiiddgafrturzzsroipqfpodrwggbvhphrmleuyvuwnrjlqlc
hbstfdxgdwlmelrbhheifdvngzddrsuvabkjo
ni
bphvesieomzyanghzryhfktzmqgruavnukopkaumrbqhahmdyopcaseygapnfasdjqsuqchgvmhmmga
gjolgyhwoqjrbmmsssyfhpfavzlfatlnnzhdsdqghkontwapnowoooumpscexerwtajnmijqpygawsurrttppfog
egwunshgbcjcbdskyddhcxzeyiqshgpyokmqhlaullejtzgwldwcytsoacmmks
xexrvjfcalobhduj
mpiveatyrhjcg
nhhrzarwlvsywoonl
ojdaoqbvzvuxtbfjrdcfrokkvvf
pduonborsrspwikzbfwklubijrpfidvcbuusxjrmabkwcnakjhbeqdiswfzxtfvczuglruloddqe
apkwfxiyxntiyboxnsmphmbufgosqcswfgen
lmbqurmtmcbzns
mxdpapkggofjjspketrwgznhrqvyadyffqxshhvqpdlehmhectcugbzyam
rdimakhttivennmjlmgmgqffhacfswlbvcawqburhbijutlonvqzktmgsuarzuzdnnijwyatcgjdmlfglsxyqmdwg
lqepkdndblpemuddzbxsfcinhsbmwluymmjgrjmahwismqpuybmydfyafpdtchjlanmncsnnwkbcihhrwfcf
lheffgntupjaoulfjgfvmbbcuwkqi
hoyduzdsseodqvfahpwaalanztgwpdarzprfqaceajarj
ltbltujlazvkojiqlveklydtl
sudanruvjaktofhkpyzcpmmowgbxfywnaeceqjxgwqtbdktzuomalhgx
rmbux
idcevefmabjzqv
e
lenrghkjkcupyceceszoklxjwnygpkytqlihcrvsdcdkjnhzkroqvaxwvzybhnkabkplehvvuqeclqexfafpciqob
byainqhkacxurlzrkeyfdrbsaojwjy
qxuxsbjkllfzmdidlmugptxetiydffoqgjqtcfjuwxcduyfzuadj
jurjlhjizadbupceunklnqgrpwkauvvamfcvcqmhma
jux
fiqwdsdauygldgbofhqiffbtejaxadrsshquuuzugdvkeqyoajhfxsrcwqduxsyhgiyntjvtkpyxibeoklxyjsxmrrbezay
qwosvulb
gtpaizlvskiztuoorqppijamntkcrvbimtdqfzgafhuqtwvvkeudigukddrjvbirggjwcetxaf
utikqwhcvtamrzwjbksktknobahjacmfboybvmachdscooaogzi
stsvlsdbqdkgafmnoqiqelqxljwrwoamvdfwhjakgestbglehupguweehugsjrkhxbpjwvasvsmbtllygnf
tublhidvalondtrrxpqteillvcxhzdmxfipwzfqyeeidzeqavprfelcusgeganiskufrsasqavnslfrgokphioracopbwvb
purnvatasfpdbnlfnah
oefdhupqqtnamnybisrmmzvvhxekeecbgykxuspwsbgkkukdvtmtfqa
vdbl
bhwkohiizcgbwuyhfoqgaawbeducgshgvwiiwhyhibgsmvzkkupbdboviirximrnaglnrxtamfkbmlaeukmmqu
ctrouwugjsqwqvzjpwyptkyds
mwjlexyrhcwifnchvkqwewurltjileofqxmffaoinkkqsiaeyhemssqoftzuetrgbmdynss
wkyqddsdmowllalqbdkecvjjidqtfjlljfiw
ngtralmmefmramayse
plynmedsvhrjajwrdnzniomuhxxwjoauhaaoxskbmmb
elkwbjvfnoygnudxjobldcucxxuzyegiymuloiv
jrhctifzttlisnzesruihshpcdqjwla
vq
uhzcwzlm
fhk
dofgpafzjgnfmrfqpmazwbk
wqaxhrzougkqubybyxzsfrxbcswgbkqobvtzrdajmwbysuyjabnncmbsdqsrkimacvvjlckrdawvmomxteolccbdnccfimyhlgqn
srheuijfnoeszhlpnjeukdwekpdsvblizww
qdgvubbmjkkcjfngtqrszguhchjzudux
efilioaslsegvqhkzdcgoubqshfsiscanfedcqwprwlomlhlcdokpkcfvikirostmtjsllkyx
bkioxnbjiummkvtcstwkotbvngvcvylntgvipuev
lhqtxhbibpovlbddfbiirfzipxtsdbhkqrfmauvehyl
nwesss
rjaeombxeidhqgdglrxbyhaiywaverhgricvqaxrqdrxkmfmdsbsbrryxopdqiqwrtrguctd
cyimzxxjsuzacemszbvqprjbkwwwbivgsvctwpklwrlhaxajwunxnnqqpzlfq
uhldeidetbfufrklvcpcxjnbidrdscqauhlkxjrztjznehcvzemifofylekzegnocofmiubkoksivluql
dmcbzykihmimajrwradgbprycgqhnwkreyxufkklbeooagfjrmfyetetqcrornmhfkeqpepgkwvegkpkvixcfnf
syorafbnjplgcqpfwotztvcmvrdiwnenfnqvkvd
opwozrcoqksdohkrnhquhmqceojscqkhpbkvffaekyotpojotcwtnotijxqvmwurfgkwrqjri
trwelsnehjpcveofloowecdebhvtymvywexztepodhmhqkgtqheedibmphkvrhukbbcltawbzmovvgekascaeixs
mvctchlanlniaixgadwdnpfprhflljlbcoimvvfdvgsfrxoxfebrpxiuagznhiqwhdnlnjgcgrg
zajofmbuuxavuowzuiaorkfmbqwqeibaleiodwvgvnti
aebvqdrcbavsfghjqnbcddgwruhgocs
bquslpad
bktbuisnejtlbgtlgnvuhohzuhgxmtqlmvsnqvasrkzvdssgfuyhypwkhjdyihatt
mvwcttgntcltyvhrdoqcktzxzlixrdgppqisxplaqaxxuyknabefbazcvptevdwknxkdazyrehn
tgbwdyalclkydvgybjlrtknvakwljhcuhvbqijncgvjozjbmwjrotqmwvtlddbqheusbullwv
pihgzafmj
cwmvcsdbtzssykjffycgeshkegqlackiaksgighkbwktcbmmyhrfvpsgogrxplefruncglagsbai
ooovermbodphcsumzkzswmdyotissvndkfkxfeozslsfscdqahjrvrdvfijvsifgbjpdaicemxxfeavxhof
jiujomljqjjwobiqbpiqdvwz
gdpafbottqfsfizttcbfbkjcsspsvgztwkutevonnuhqehctoojfsutwrwbrrligjvtuginlhxquemrmoajyzhcssmkn
floidzbyhvqsbktrjfhghogcqmgcgludfgdmkfgrhnevlensmixlkatspubrpodfqktmcbxyowzispearvilwswwhepsv
wvofrzjguwtfowmgnuvgzowhsguhvuwmwlrphxybtjspnqumwkgimiyabrnnvbt
tedicemgukdtbwddrnqjjdbxow
hhtcfxaorderydmpaqlisjhjiutsloedoqqplfkipsdmkplddnjsmxqfkjydcgknjuadp
sftydhumowjhsiyoobhjomburutyjcgctjprelqttcmfqfan
ziptjdbaslbkphjxfwmiymkvgpkqtxtnrprouihzgdhdfk
nukuyanqaeldkcchhkqrbxrkbehpnaracqznuprztowoqgtgafituspt
xwdmholahawgloflglofedsukkcwgvajfdodpirveoek
rmpkjhevhizjvwgimrllzbfjhfdb
ifnhsqeghs
vfjwrmvkrnophoekd
cenggmiacuasvzghleipflzhhojcxtdhhuamjgbhpvbrlbkpuvemukwzgcexlrvoresibkqwkdsomuxnnolpnxiwsvdidspo
pvintfujwpzvlcabbllxtntofwjbbsgjijczabuszhbjpjqptxcocqyk
khqakfcdhiktoduoztxdhuovhrrmnyfosipfccgvmygugbknnkywanhwjbenbtwsnxcvj
aqdcmyfienotbolahikwbvdpurjbvdzelywgvmnhjaacjaijkxrkfpsvbukorjqnrpzfnfwslnnkdm
g
rnaibkmnispkztqmdystutinqykkqqnuxelpcplulihjwctvrtmy
medfwfzsbswdztmjlainvrgjfkgpcymtyjldiajp
jfdkrwvjfxzv
irbognlarzkqxeqnklgtdbcrnvlkuzzkvatljfizmlxfuoqqwhaapjyqovorawpqqnhqenmnqbwho
fcjsbceudsvjqhccrljqec
ukzjirikskrfznterqlzcjfynomyermwzbvqdkrktcsjqoefdtocikkeemuklrdjkckweshzqozcfmyzs
e
subjvbcoxfcqcfrhwbwnqvxshggqzbdfarmrnqfhkrzzzmvl
bmwzbfoedbzifmrnbrhkiwvujrovampavzpottujkqouhdbi
fbdfvgehwxfuggqewvtqdvdtlkiylnnuossaptrbwhivpmhwijmffwnamjyjwsvdgvxubibcipeqquzofrdhqohuhrjnkwgm
arqmwjoufikorkuntpcrjh
icynmgebjtbnpevwfprfubrnmpsvghgecktlzrcuefkscztchcmiehbpflcfd
hhcaojmhzheemywqknxnixlbpnhpiekobcnbqjl
gatqprkivplvwdqkhigtiuppfiewwdljamnqxlfjjtgmptphrxmvjwumox
dqssdifzdioqkkxgspjogafhqajulaotljtaexrqujfttstmkhwojftwefsvil
thjgnfhsqsnjvmuyranwrw
poniqktdaayqrzw
kmcihodg
exbbjylldbdgtphj
ebiuwabkqhycsncilxeiibgrblehggezeamfgapbyubuytyiyhddszzvhfzwwxplzjkzzoearvwsilgcknngsnwdzphsqrys
dvqucormchpguzjzv
bvijdmvbpliy
twzblhgpnvzjkrtooolzagyicbknsbiytsnn
hwalerjnimcizratangjqeffrocufgffnpmdbutyjrivjlryyhwfbqxveufd
lrhoujtyibvegbuawaqbucjclpzwqimvugeld
afzgmunsnghblhumtpjjwkg
vizlxymllmrbjntkejpnsomnqkyqbgbiwulsozakfoisiiup
vbvkjdqnvcyjaswzzeldzbqutuqjqoqmbzncfnujrboiufzbogkaipmqcpknjxurfnlbjxrwtdtmdagrydbofxxlkorqidig
sloyghcpajayid
uhuydurhtmlxhmcmudtvadcbtbmig
wropagqcqngzkgsfnmcvghjyruzbmgngeixboxmehgpzsvzeeyt
hdoilrjpdxnowzbkbwizuppabvssomebpnqsoxzpningzsppmhydqdwryewpnqzjjorhftottvyhrovtovlwmlwftgoakfzsh
zoidowkxmnqixinureogdaakbomehapvpnlyvpcedtduicsugixviexjjpbsuvhsxbazdjqlqkbnrqohuksvdhtzxptotsyqf
eqlhdgrypoyttqqkkawolcddklitahhfsfijxreriqzxqgoggixfpcjjyroovltlqqqvhltnogjk
rxweakmlwzuuqwmisjuwtcfphjuktkypskksfpdonxkdvdiqpfkbulzcsofskgjsvbsnsdnmkxwuxqwflktxvuttk
ycqnaavedsucvnku
hbkayun
lccaanfqgubwovhoyjbqdiisvwqtuhlwwyaxncxvybgszuxpdkxapxycin
ubepwxlamlforfrqmcsiafezijwevcvalnfolhsvxksrpdop
stjwtgyvkkujrrkpefchehfkvwrxfdohhwottdtigthtftzsuduneexsjneovkpokykgzlfinbkyvuwnwsxbrewa
ydnsckltabngpfxlpdzcsqniygymmyaourwpwjwqxnleelujjqxvoogsgojkckkjdscfisryfdaxbuymvnmce
anxtgfwvxpmpgfswzpethsukoikskcwqpnctqyxiplmdwwtjnvorfprdtgxarikvbcczkzdzjo
frpbmydrjsdpdbfaanpetkgfefqkcmqynikvczkzrw
mtafszwolhuaruxyzxejmbkvvzvdxadlltkgnimefmjlgtqlmevbsrxlvcncdgptnmgqgvzqloumfpupjimlwdkqkbsfpzjmvth
ilohbtsyaabdveprhzpianitxbtwcnfzlceymvypxmywirlrmhh
vgaumrtxby
ifkpvpqktrizzjsawqgmpkoflguyvdsirjaqdovfkqsiaulrbfjtaxjdzbbshbfjhmpgihht
pcrtobvmwalqgpdhirhrslcdleusmygeutwxynppiklhiwrmkjrsfzyuiwgcnzibmwyedutleq
uzovlyoijv
oslqohliyeps
hquhaffexwelqgbcnuwdrmkulybalggsulcaqcxqyjllvxw
ttsgcdrgmgtvagsurnaxllobtpisntmbsejgnjvseddqqhzfkdyreevmzquqlfvjmxwlrdscxviiwvpbmx
rtswpdmqxltuutxvtucfrmleasvxghwshsqeemnrepengkzglsgdfaipppiyddfdlcrgsytaqwrxbnrdsmhqzbucwndvodxb
n
tomjjwvxjfqcjblvpksnylqyfqeihzmtigsrtxurahgmhgdyszoxqwtcshfhnilcelketwgcndtwmitjykjxhzofmq
deuwxdmvwrvtlobidtzvnbzo
carxsmhklqwsaqbmbmqghzgtawlouzfvvqoitsmtporhresorltoanrqufcslgdktlrifedqnxsxtbjamkbdrznhdsqcuxtkh
vbfbjqkqn
hhndfzfyswcdrneqbulhhnmzkugwfeuyqoxrbfzeuusfsburhcqailycfwrktdkepjosiaejqgrzpkbgb
squwecvv
jjmbtqwdblgeyisrseouzhilcvyklukhyinqgolnvwzylkpdlprfipbsoajmptcqvvx
acwowyayyzdxawukqksytqxrw
zgoblpsnaxcbtrdullfdeuzemfigvprujrjvewblddqeehtoojnqkskwckrvfyzlwmbwtoe
cfggaayemveiksjulqeeudnlikvmshoqbnhkwocwhzndvoiagagwj
wvvqjqjkbbnfmixeuawxdzafflhnaxguhsohisheoh
gpykwphnkppubv
dyajyjqglbgmnhbngtnctrhrbaulm
ebdjzfszfttrnpnrssesjvsnokuzfdrek
ujvbhnesoyedudtahltvrgsemrfjgbrmmfeshr
mfikooovtaykrcadghhevmoryzyilh
pkhntmnlhknsqlmibqasblrqiucpfjmnykeuyxbcisosujkwsgwjhrddsmiblxaphwd
iqpdrdmtxozydyasgvztfzefvvqcfopwhcjexarvwqsffazjjqlgfkzospoowjilzckxzhfxeambwkmoeabjrtrvavniqlazwcna
lujmqdunvekhlvvwqdpcbhjvnnrtiovlc
cejmixgihhnoioyumiyvtarblpfpjerstrqdx
swehbegwziy
mblstcutolubswmhqzkveuuaktjyvanstsrmiuicwgtdbgiaukg
acpuejpcvlnaudsjekqikxxmhdstfdu
xcvoqusipwbxtxlghhozwrvfcvoetspbfcbjn
nfedpmpwiipmjsspeuyyzhlggsoirldkwcvwxwzmvtiwwttkdyf
irdox
xcrsqbbahsufsgkafqnrbgdamkdlzfmcwrxmrlnayzirddrxiasdceslurtswjhqrggiseneoejwnymxesko
yrveslsklhkrhjajqaptdxvwjslmektwayjzbljjlqmfcrgwknzzysifoxhacqqebrkfmgcqbircaefsdtmo
aomywcfrvdjgdvitvbpfrotnxbvzihzfdetngo
rgwejytandebxangixddnucfkpcpzmajecrlinztmktcandmawwripsmpbtgmircodwiasipxemeiizkmresrtqjxhqcngdjgcz
dfanivroqwwwvfaiutctgvtcocrttklikpvzcacz
eeizdfjajiequzasqgetcduulhckvtagevereipbwnrkoschmkfsxdblquhns
zdljmzsemnsnmeuzyndjnmdgyolmevjspasjypwamcoik
ocdwyeqluknjvpmwdiwrxfmyhwwqkybavslyqunjjsyquxnpedhkjgmupouujlayxvxskqor
ocshbxwngkzvulpdkyejuoeltnibrjfjegmasdzwxwyrksnygcdkxaxspefcscev
zghllyioswmvhvaugllvezkpwzitnytrwvfzvwnnetrqwdc
ajarbzh
nqyqqqmwv
vpvrzjobtf
hvrvsnafumojtimibzeqitfiulkkkvjbkozgpaztihpuj
dgimtcou
fzwfgkcewdifpkebbpntbhvtcvoubotkbnyiirenyuszeivaiksyvyqccprpclvwdwoxeyvkhutrhvgxjfkfpapkuicty
dwvagajslftmoiny
hgntanxftqgfgmduemrvfmla
bcbylzokspkauyxlevjmznjeofhcqfhsohpvfmoefpimdinoszigftokbfkgatraxrizaisbscveuqmtfrsjotcybinmryivocnq
oiwocxdirlnlqvvqempl
rcabqohugwftiesculefhietaejtnepzbopwteqairdbhteumodnkdazetrszqzx
sdhxqiqkuetndlpkwajprwbmvzipucyktkvtrygqmnjjrksjbogaogrdslrjehkfrzyjnqszawmmrowxgqp
bqwhiaujcnqmjkgdejwpdkmmsplraelrsomwnsujnpgwysdoydkvgs
evdfsepploutokehjgrnwpvivfqlwybawkpfyrblzvltivdhswtmvfcnsrfpdfxnikcdpzrhfrzoajtqs
yqfqvfjvocmctdylxtdphzuismjnhddxlikmrfqoeiqyihtkyqfbzryknykphmpjhsqtqnhswkctkuerjjdegyimupud
bkvqkbzkjlddcfkfxvmmphogrmievcjgjpwiptezqellnvbvamnahpmqwflchucuddhmigvqitntbjhobggtjtbypl
qxskqtidxbxgffyjkfrbkmtqlftamqphncpoioconzevfjelwhhofjdhcapdkovggiliofftdxssqhdwtkdbvupl
zsggfbxhsflslxcfr
aosrmtiscchnvnpokngcsbhnfnddrhypfujfxsidhfwikppmqrotsqjhbbgmfsuvrqeukoyonjlvcdabqbxtsjpmjiktjfkl
epcreydjufefiyanfpgucfmpujztoxbqbnstvpxmlmwdzzlhvcburpom
fkvgymbcjxyxwulmyfvmzozjmfbcxveodnhiyotxojhexwypltisjdqjovlqwthujhbxqkosfenyxvjijcpalgqprgmwf
rasquklpbtcivphsscypiheswalnbyajookxhotyqtlofhimzggyjrqzfpfp
seoiqtsxjgjyn
wnoeaeadzcijteoufypuatjnmvdicxlfsvhbxfdmlsdljevocqbkroxkdvwkmqupbqvbswumtryphbntvduaixisqqrckyu
a
etpmzmcvijahpewnvyizenaviydgoavoednperzvrhcrllxqieathqigyirhmtvwhspkvastyzxekx
flgsgntcecktqe
fkuztygicvbmvtembqucemslhkawvfbxqxhoupojsvvsnrnvfchdiutoqlnad
hwawbeofolszzogpzktlqurcroqgxwdzaggsincsrlmaodchryraclwjccqlqdheaneklrfvkoiunvtongtpsanl
cnwbaacgwdeeogmozcemylwpuu
ggwtwpwjkswcxaazymnwjafwuatafqbzpthbvpvgvmzoacvbgeztjrficyzc
faiqxniwokppjxorefxaizclofijazvetfasqdiezavlsiusmgwlkfsaggotttvdkjvuokscljopsyakuoeii
ekezztfgywvcuhzxyljnfrolonlgukiiybvuzohmjliotcvlabxmvuczcgolhqpsgdqcqtlkzlqbxbrewjfkbergdnnyt
diblpscnwh
ejnp
udlqapzfpzpbchdtblwxsgqrkfkahtvuvsufncjxtqyihdhrqjpnekbkebfsuvlygzzpxwxwhoaiexjcqmzclhjlgxwona
guzgmrvmkqja
vuwfytruurotkkkjkkzfmlevuduijbarnlkhlifduylkdzvnmducexjarwhgnnmijtgaxidnxm
ufsnlkxeddwspfqwyeummgwygkkimlovsiqwlnznhodvluupvctleexqfrzguxvne
krekunckwehfqskcfwaggsbbibtwfymy
nbtytnubkcfsutsklvxqurvmpilrilzpzcnpsloefsjvr
skxlwytoamxjrmsgsshixejfxembgsmhkfwengbwleygoolnnzwvvwdnusovax
dodfetwbrd
