Case 1: 0 0
Case 2: 0 1000
Case 3: 0 3000
Case 4: 1 0
Case 5: 0 1111
Case 6: 8 2460
Case 7: 0 290000
Case 8: 0 1021
Case 9: 0 0
Case 10: 0 0
Case 11: 0 0
Case 12: 0 0
Case 13: 0 9591
Case 14: 0 8629
Case 15: 0 0
Case 16: 0 0
Case 17: 0 18253
Case 18: 0 18144
Case 19: 0 9973
Case 20: 0 3008
Case 21: 0 57385
Case 22: 0 17138
Case 23: 0 9128
Case 24: 0 17384
Case 25: 0 15936
Case 26: 0 38624
Case 27: 2 0
Case 28: 0 37665
Case 29: 0 8250
Case 30: 0 1083
Case 31: 0 0
Case 32: 0 13206
Case 33: 0 28970
Case 34: 16 26170
Case 35: 2 34946
Case 36: 0 45152
Case 37: 0 0
Case 38: 0 3364
Case 39: 0 17987
Case 40: 0 0
Case 41: 0 1335
Case 42: 0 16216
Case 43: 0 49542
Case 44: 1 43649
Case 45: 0 0
Case 46: 0 60508
Case 47: 0 0
Case 48: 0 0
Case 49: 0 0
Case 50: 0 11022
Case 51: 1 0
Case 52: 0 18043
Case 53: 0 10176
Case 54: 0 25850
Case 55: 0 0
Case 56: 0 9963
Case 57: 0 3625
Case 58: 0 14758
Case 59: 12 0
Case 60: 0 42526
Case 61: 0 77697
Case 62: 0 9683
Case 63: 1 38547
Case 64: 0 0
Case 65: 0 0
Case 66: 0 58678
Case 67: 0 12076
Case 68: 0 0
Case 69: 0 14201
Case 70: 0 17955
Case 71: 0 17700
Case 72: 4 9010
Case 73: 0 1758
Case 74: 0 93626
Case 75: 1 32554
Case 76: 0 0
Case 77: 0 3045
Case 78: 0 34012
Case 79: 0 13941
Case 80: 0 18161
Case 81: 0 2905
Case 82: 0 51388
Case 83: 0 3320
Case 84: 6 0
Case 85: 8 0
Case 86: 0 3825
Case 87: 0 9464
Case 88: 0 0
Case 89: 6 0
Case 90: 0 46769
Case 91: 1 103836
Case 92: 18 0
Case 93: 0 2856
Case 94: 0 8574
Case 95: 1 0
Case 96: 0 0
Case 97: 0 10900
Case 98: 1 0
Case 99: 0 0
Case 100: 1 17092
Case 101: 0 4941
Case 102: 0 14373
Case 103: 0 16315
Case 104: 0 22495
Case 105: 0 0
Case 106: 0 5723
Case 107: 2 3309
Case 108: 0 33100
Case 109: 0 0
Case 110: 0 32791
Case 111: 10 1553
Case 112: 0 3166
Case 113: 1 0
Case 114: 1 0
Case 115: 0 22382
Case 116: 24 0
Case 117: 0 0
Case 118: 1 15587
Case 119: 10 0
Case 120: 0 15326
Case 121: 0 0
Case 122: 3 44440
Case 123: 6 14458
Case 124: 0 3569
Case 125: 1 0
Case 126: 0 13640
Case 127: 0 0
Case 128: 0 0
Case 129: 0 1003
Case 130: 0 5995
Case 131: 0 0
Case 132: 0 0
Case 133: 0 43306
Case 134: 0 0
Case 135: 0 20443
Case 136: 0 1918
Case 137: 0 4229
Case 138: 0 4460
Case 139: 0 2207
Case 140: 0 4128
Case 141: 0 0
Case 142: 0 7309
Case 143: 0 30768
Case 144: 0 9659
Case 145: 14 0
Case 146: 0 27688
Case 147: 2 12540
Case 148: 0 0
Case 149: 0 0
Case 150: 0 18029
Case 151: 0 15107
Case 152: 0 8883
Case 153: 0 1314
Case 154: 0 3574
Case 155: 0 0
Case 156: 0 2658
Case 157: 0 41824
Case 158: 1 5308
Case 159: 0 0
Case 160: 0 8770
Case 161: 0 16180
Case 162: 0 0
Case 163: 0 0
Case 164: 0 43198
Case 165: 2 0
Case 166: 0 4683
Case 167: 3 106342
Case 168: 0 6888
Case 169: 0 0
Case 170: 1 26356
Case 171: 0 4776
Case 172: 8 0
Case 173: 1 69813
Case 174: 0 0
Case 175: 0 0
Case 176: 0 5160
Case 177: 0 0
Case 178: 0 0
Case 179: 15 0
Case 180: 0 3288
Case 181: 1 0
Case 182: 5 0
Case 183: 0 0
Case 184: 0 40180
Case 185: 0 38439
Case 186: 0 34944
Case 187: 0 22020
Case 188: 0 0
Case 189: 0 0
Case 190: 0 6244
Case 191: 0 0
Case 192: 0 0
Case 193: 0 0
Case 194: 0 5024
Case 195: 3 0
Case 196: 0 2446
Case 197: 0 6946
Case 198: 0 3432
Case 199: 0 36296
Case 200: 0 9070
Case 201: 3 0
Case 202: 0 38433
Case 203: 1 18249
Case 204: 0 21688
Case 205: 0 18720
Case 206: 4 0
Case 207: 0 10965
Case 208: 0 1829
Case 209: 0 73074
Case 210: 1 16847
Case 211: 0 2160
Case 212: 0 13535
Case 213: 0 0
Case 214: 0 82542
Case 215: 3 34162
Case 216: 0 0
Case 217: 0 1245
Case 218: 0 0
Case 219: 0 4924
Case 220: 0 28294
Case 221: 0 7264
Case 222: 0 3440
Case 223: 3 7298
Case 224: 0 3225
Case 225: 0 3922
Case 226: 6 0
Case 227: 4 0
Case 228: 0 10478
Case 229: 0 0
Case 230: 1 0
Case 231: 0 39089
Case 232: 0 2921
Case 233: 2 0
Case 234: 0 98685
Case 235: 0 0
Case 236: 0 5419
Case 237: 1 0
Case 238: 0 0
Case 239: 0 26176
Case 240: 0 0
Case 241: 0 57740
Case 242: 1 2004
Case 243: 0 0
Case 244: 0 0
Case 245: 0 32851
Case 246: 11 0
Case 247: 0 7132
Case 248: 0 0
Case 249: 0 4781
Case 250: 0 3912
Case 251: 0 23579
Case 252: 0 14570
Case 253: 1 0
Case 254: 1 0
Case 255: 0 37982
Case 256: 0 0
Case 257: 0 0
Case 258: 0 10892
Case 259: 0 42120
Case 260: 0 21910
Case 261: 0 22224
Case 262: 20 5684
Case 263: 0 1448
Case 264: 0 0
Case 265: 1 0
Case 266: 0 43353
Case 267: 0 0
Case 268: 4 0
Case 269: 0 2381
Case 270: 1 0
Case 271: 4 0
Case 272: 1 0
Case 273: 0 1286
Case 274: 0 0
Case 275: 0 0
Case 276: 0 0
Case 277: 0 42465
Case 278: 2 5850
Case 279: 1 0
Case 280: 6 0
Case 281: 0 1605
Case 282: 1 0
Case 283: 0 0
Case 284: 0 0
Case 285: 0 7859
Case 286: 2 46323
Case 287: 0 0
Case 288: 1 0
Case 289: 1 0
Case 290: 0 0
Case 291: 0 0
Case 292: 0 3225
Case 293: 0 0
Case 294: 0 0
Case 295: 0 4736
Case 296: 0 0
Case 297: 0 0
Case 298: 0 2887
Case 299: 0 8234
Case 300: 0 11324
