3
hline 3 2 6
vline 2 1 5
vline 6 1 5
4
hline 2 3 5
hline 4 3 5
vline 3 2 5
vline 5 1 4
4
hline 3 1 6
hline 4 1 6
vline 3 1 5
vline 4 1 5
2767
hline 1 13 28
hline 1 421 435
hline 1 438 439
hline 1 442 450
hline 1 454 456
hline 1 459 487
hline 1 490 509
hline 1 514 516
hline 1 519 644
hline 1 695 699
hline 1 705 715
hline 1 740 745
hline 1 754 759
hline 2 8 16
hline 2 21 33
hline 2 420 516
hline 2 520 523
hline 2 544 545
hline 2 553 555
hline 2 558 560
hline 2 695 699
hline 2 702 710
hline 2 741 745
hline 2 752 756
hline 3 3 7
hline 3 30 37
hline 3 412 412
hline 3 418 421
hline 3 514 515
hline 3 520 520
hline 3 695 706
hline 3 741 744
hline 3 749 753
hline 3 788 792
hline 4 1 3
hline 4 35 39
hline 4 410 413
hline 4 488 489
hline 4 518 520
hline 4 548 549
hline 4 579 580
hline 4 611 611
hline 4 667 669
hline 4 695 703
hline 4 741 745
hline 4 747 751
hline 4 787 794
hline 5 1 1
hline 5 40 44
hline 5 408 413
hline 5 420 422
hline 5 453 457
hline 5 485 490
hline 5 517 522
hline 5 545 545
hline 5 547 626
hline 5 637 637
hline 5 641 647
hline 5 652 652
hline 5 655 655
hline 5 658 659
hline 5 665 671
hline 5 695 700
hline 5 740 749
hline 5 786 794
hline 6 42 45
hline 6 407 674
hline 6 696 699
hline 6 740 747
hline 6 786 794
hline 7 45 47
hline 7 193 202
hline 7 407 411
hline 7 417 420
hline 7 453 456
hline 7 517 519
hline 7 548 550
hline 7 578 580
hline 7 610 612
hline 7 668 673
hline 7 695 734
hline 7 739 745
hline 7 786 787
hline 7 791 794
hline 8 46 48
hline 8 186 206
hline 8 275 276
hline 8 283 285
hline 8 408 412
hline 8 455 455
hline 8 609 611
hline 8 667 670
hline 8 697 744
hline 9 47 49
hline 9 183 183
hline 9 185 186
hline 9 207 210
hline 9 284 285
hline 9 409 410
hline 9 579 581
hline 9 609 613
hline 9 645 646
hline 9 667 669
hline 10 48 49
hline 10 181 183
hline 10 209 211
hline 10 213 213
hline 10 247 253
hline 10 269 274
hline 10 283 284
hline 10 421 422
hline 10 488 490
hline 10 517 522
hline 10 578 581
hline 10 609 615
hline 10 638 642
hline 10 644 647
hline 11 49 50
hline 11 180 182
hline 11 210 214
hline 11 243 244
hline 11 253 254
hline 11 267 276
hline 11 282 283
hline 11 419 422
hline 11 454 456
hline 11 487 489
hline 11 516 522
hline 11 548 550
hline 11 578 582
hline 11 610 612
hline 11 639 646
hline 11 774 781
hline 12 50 51
hline 12 178 180
hline 12 212 216
hline 12 258 259
hline 12 262 267
hline 12 274 275
hline 12 280 281
hline 12 298 298
hline 12 301 301
hline 12 304 308
hline 12 339 340
hline 12 349 351
hline 12 419 422
hline 12 454 456
hline 12 486 489
hline 12 516 521
hline 12 548 549
hline 12 578 581
hline 12 643 645
hline 12 770 781
hline 13 51 52
hline 13 177 179
hline 13 215 217
hline 13 239 239
hline 13 260 263
hline 13 271 273
hline 13 276 278
hline 13 295 296
hline 13 307 311
hline 13 337 337
hline 13 351 354
hline 13 414 415
hline 13 420 423
hline 13 447 448
hline 13 453 457
hline 13 488 488
hline 13 644 645
hline 13 766 773
hline 13 777 781
hline 14 52 53
hline 14 126 129
hline 14 132 136
hline 14 237 238
hline 14 262 263
hline 14 269 276
hline 14 293 294
hline 14 311 313
hline 14 334 336
hline 14 354 356
hline 14 421 422
hline 14 455 455
hline 14 762 770
hline 15 99 100
hline 15 102 107
hline 15 124 126
hline 15 134 138
hline 15 160 160
hline 15 263 265
hline 15 268 273
hline 15 291 293
hline 15 313 315
hline 15 332 334
hline 15 356 357
hline 15 757 768
hline 16 70 73
hline 16 75 78
hline 16 95 97
hline 16 107 108
hline 16 137 139
hline 16 160 165
hline 16 263 267
hline 16 269 271
hline 16 290 291
hline 16 314 316
hline 16 357 358
hline 16 755 762
hline 16 766 771
hline 17 69 70
hline 17 78 80
hline 17 93 95
hline 17 108 109
hline 17 138 140
hline 17 152 153
hline 17 164 166
hline 17 260 260
hline 17 263 263
hline 17 267 268
hline 17 315 317
hline 17 642 644
hline 17 650 652
hline 17 655 657
hline 17 750 756
hline 17 769 781
hline 18 80 81
hline 18 92 94
hline 18 109 110
hline 18 121 123
hline 18 139 141
hline 18 151 152
hline 18 165 167
hline 18 257 260
hline 18 263 267
hline 18 642 658
hline 18 664 664
hline 18 747 754
hline 19 79 82
hline 19 92 93
hline 19 109 112
hline 19 121 122
hline 19 139 141
hline 19 151 151
hline 19 166 167
hline 19 256 258
hline 19 261 262
hline 19 264 267
hline 19 358 360
hline 19 634 636
hline 19 639 646
hline 19 650 660
hline 19 662 664
hline 19 743 750
hline 20 79 81
hline 20 92 92
hline 20 109 112
hline 20 139 141
hline 20 165 167
hline 20 253 254
hline 20 256 257
hline 20 259 260
hline 20 266 266
hline 20 634 641
hline 20 656 663
hline 20 713 714
hline 20 717 718
hline 20 739 747
hline 21 69 71
hline 21 78 80
hline 21 93 93
hline 21 109 111
hline 21 122 124
hline 21 138 140
hline 21 152 153
hline 21 164 166
hline 21 250 256
hline 21 265 266
hline 21 629 631
hline 21 635 638
hline 21 659 663
hline 21 713 713
hline 21 717 718
hline 21 735 744
hline 22 70 72
hline 22 76 78
hline 22 94 95
hline 22 108 109
hline 22 123 126
hline 22 137 139
hline 22 153 155
hline 22 163 165
hline 22 176 178
hline 22 216 218
hline 22 247 250
hline 22 253 254
hline 22 263 265
hline 22 356 358
hline 22 630 638
hline 22 652 656
hline 22 660 667
hline 22 731 739
hline 23 96 98
hline 23 107 108
hline 23 124 130
hline 23 134 137
hline 23 154 160
hline 23 216 217
hline 23 231 238
hline 23 243 244
hline 23 247 247
hline 23 249 250
hline 23 262 264
hline 23 314 316
hline 23 334 335
hline 23 355 357
hline 23 630 633
hline 23 637 640
hline 23 651 656
hline 23 662 666
hline 23 728 734
hline 24 103 104
hline 24 130 134
hline 24 214 216
hline 24 228 234
hline 24 238 240
hline 24 244 248
hline 24 261 262
hline 24 313 315
hline 24 336 338
hline 24 354 355
hline 24 625 625
hline 24 630 632
hline 24 638 640
hline 24 661 665
hline 24 724 731
hline 24 789 796
hline 25 181 183
hline 25 211 213
hline 25 226 232
hline 25 237 239
hline 25 242 244
hline 25 259 260
hline 25 296 299
hline 25 311 312
hline 25 339 341
hline 25 347 353
hline 25 625 631
hline 25 662 665
hline 25 668 668
hline 25 719 728
hline 25 789 797
hline 26 48 48
hline 26 181 187
hline 26 208 211
hline 26 224 233
hline 26 236 239
hline 26 244 248
hline 26 252 256
hline 26 298 299
hline 26 302 302
hline 26 305 311
hline 26 344 347
hline 26 624 629
hline 26 636 636
hline 26 662 667
hline 26 716 723
hline 26 789 793
hline 27 46 47
hline 27 186 193
hline 27 204 206
hline 27 222 223
hline 27 228 231
hline 27 233 234
hline 27 619 619
hline 27 624 627
hline 27 630 631
hline 27 634 635
hline 27 645 645
hline 27 661 664
hline 27 711 719
hline 28 44 45
hline 28 191 204
hline 28 221 222
hline 28 231 234
hline 28 618 631
hline 28 643 645
hline 28 660 664
hline 28 706 714
hline 29 41 44
hline 29 138 140
hline 29 220 221
hline 29 227 228
hline 29 230 231
hline 29 619 624
hline 29 626 627
hline 29 643 644
hline 29 659 661
hline 29 703 712
hline 30 1 1
hline 30 40 41
hline 30 220 221
hline 30 226 226
hline 30 612 614
hline 30 619 623
hline 30 658 663
hline 30 700 709
hline 31 1 3
hline 31 37 38
hline 31 40 41
hline 31 612 620
hline 31 641 641
hline 31 656 659
hline 31 662 667
hline 31 696 705
hline 32 1 21
hline 32 24 37
hline 32 40 155
hline 32 249 257
hline 32 613 617
hline 32 654 658
hline 32 692 701
hline 33 6 32
hline 33 81 83
hline 33 237 268
hline 33 612 616
hline 33 652 659
hline 33 688 696
hline 34 14 26
hline 34 232 273
hline 34 608 613
hline 34 650 653
hline 34 658 661
hline 34 683 693
hline 34 769 771
hline 34 774 781
hline 35 229 277
hline 35 608 611
hline 35 645 653
hline 35 661 661
hline 35 680 689
hline 35 765 767
hline 36 225 283
hline 36 602 610
hline 36 613 616
hline 36 637 648
hline 36 652 654
hline 36 675 685
hline 36 764 767
hline 36 778 782
hline 37 222 285
hline 37 614 615
hline 37 630 642
hline 37 645 648
hline 37 672 680
hline 37 764 767
hline 38 220 288
hline 38 627 640
hline 38 646 649
hline 38 669 679
hline 38 765 767
hline 39 219 288
hline 39 624 633
hline 39 637 640
hline 39 648 653
hline 39 668 676
hline 39 764 767
hline 40 7 10
hline 40 47 49
hline 40 65 70
hline 40 217 240
hline 40 266 287
hline 40 602 616
hline 40 620 626
hline 40 631 632
hline 40 638 641
hline 40 648 654
hline 40 667 780
hline 41 66 71
hline 41 215 237
hline 41 271 286
hline 41 608 626
hline 41 632 632
hline 41 639 641
hline 41 647 654
hline 41 669 777
hline 42 33 37
hline 42 70 73
hline 42 213 234
hline 42 275 284
hline 42 613 618
hline 42 624 626
hline 42 647 654
hline 42 729 732
hline 42 782 785
hline 43 33 38
hline 43 70 74
hline 43 99 101
hline 43 211 231
hline 43 279 281
hline 43 616 617
hline 43 647 649
hline 43 652 656
hline 43 729 733
hline 43 781 783
hline 44 33 41
hline 44 71 74
hline 44 99 101
hline 44 210 226
hline 44 647 649
hline 44 652 656
hline 44 729 734
hline 44 781 783
hline 45 38 42
hline 45 72 73
hline 45 208 225
hline 45 648 654
hline 45 728 733
hline 45 780 788
hline 46 1 156
hline 46 207 223
hline 46 783 785
hline 47 1 10
hline 47 12 18
hline 47 23 24
hline 47 29 30
hline 47 32 36
hline 47 38 44
hline 47 47 61
hline 47 63 77
hline 47 85 155
hline 47 207 223
hline 48 40 41
hline 48 63 68
hline 48 90 100
hline 48 206 222
hline 49 3 10
hline 49 60 69
hline 49 88 100
hline 49 103 103
hline 49 204 221
hline 50 5 10
hline 50 33 36
hline 50 45 49
hline 50 59 65
hline 50 88 100
hline 50 204 220
hline 51 1 10
hline 51 43 49
hline 51 89 94
hline 51 203 219
hline 51 337 352
hline 51 410 425
hline 51 483 500
hline 51 511 517
hline 51 576 594
hline 52 1 8
hline 52 31 36
hline 52 41 49
hline 52 203 218
hline 52 329 357
hline 52 404 430
hline 52 479 505
hline 52 507 521
hline 52 571 598
hline 53 29 36
hline 53 40 48
hline 53 202 217
hline 53 325 361
hline 53 400 433
hline 53 474 522
hline 53 568 600
hline 53 676 676
hline 54 28 36
hline 54 41 46
hline 54 203 218
hline 54 323 364
hline 54 396 437
hline 54 472 521
hline 54 565 603
hline 54 675 677
hline 55 27 36
hline 55 65 66
hline 55 151 155
hline 55 202 217
hline 55 321 367
hline 55 394 440
hline 55 467 521
hline 55 562 606
hline 55 673 678
hline 56 201 217
hline 56 255 302
hline 56 318 368
hline 56 393 441
hline 56 466 522
hline 56 561 607
hline 56 672 679
hline 57 147 149
hline 57 201 217
hline 57 255 303
hline 57 317 341
hline 57 346 370
hline 57 392 443
hline 57 465 522
hline 57 560 608
hline 57 671 679
hline 58 201 217
hline 58 255 304
hline 58 314 331
hline 58 351 371
hline 58 390 407
hline 58 425 445
hline 58 464 481
hline 58 497 522
hline 58 559 561
hline 58 563 577
hline 58 594 609
hline 58 670 673
hline 58 677 680
hline 58 779 788
hline 59 18 21
hline 59 65 68
hline 59 147 156
hline 59 201 217
hline 59 254 304
hline 59 313 329
hline 59 355 372
hline 59 388 404
hline 59 430 446
hline 59 463 479
hline 59 500 522
hline 59 558 574
hline 59 597 611
hline 59 670 671
hline 59 677 681
hline 59 770 782
hline 59 786 788
hline 60 65 67
hline 60 148 156
hline 60 201 217
hline 60 254 303
hline 60 312 327
hline 60 356 372
hline 60 387 402
hline 60 431 447
hline 60 462 478
hline 60 502 522
hline 60 557 567
hline 60 569 572
hline 60 598 612
hline 60 675 682
hline 60 758 758
hline 60 762 772
hline 60 779 781
hline 60 787 789
hline 61 202 217
hline 61 255 303
hline 61 311 326
hline 61 358 373
hline 61 386 400
hline 61 432 447
hline 61 460 477
hline 61 505 522
hline 61 557 570
hline 61 595 613
hline 61 675 683
hline 61 750 761
hline 61 767 769
hline 61 779 783
hline 61 786 791
hline 62 18 21
hline 62 58 63
hline 62 202 217
hline 62 255 303
hline 62 311 325
hline 62 359 374
hline 62 386 399
hline 62 433 448
hline 62 460 475
hline 62 506 522
hline 62 556 569
hline 62 590 613
hline 62 680 683
hline 62 743 753
hline 62 757 761
hline 62 767 771
hline 62 777 786
hline 62 788 791
hline 63 1 37
hline 63 40 113
hline 63 117 142
hline 63 146 156
hline 63 202 217
hline 63 288 303
hline 63 311 324
hline 63 360 375
hline 63 385 398
hline 63 433 449
hline 63 459 474
hline 63 506 522
hline 63 555 568
hline 63 583 612
hline 63 735 746
hline 63 749 749
hline 63 759 762
hline 63 767 776
hline 63 782 785
hline 63 789 793
hline 64 17 19
hline 64 22 25
hline 64 33 36
hline 64 58 67
hline 64 147 156
hline 64 202 218
hline 64 288 302
hline 64 310 323
hline 64 360 375
hline 64 385 397
hline 64 434 448
hline 64 458 474
hline 64 507 522
hline 64 555 567
hline 64 580 607
hline 64 675 677
hline 64 730 737
hline 64 742 745
hline 64 759 766
hline 64 769 773
hline 64 783 785
hline 64 789 794
hline 65 23 26
hline 65 59 67
hline 65 203 219
hline 65 288 302
hline 65 309 323
hline 65 361 375
hline 65 385 396
hline 65 434 449
hline 65 459 474
hline 65 507 522
hline 65 555 566
hline 65 575 601
hline 65 674 677
hline 65 723 731
hline 65 734 735
hline 65 743 746
hline 65 750 764
hline 65 771 775
hline 65 783 794
hline 66 23 27
hline 66 151 156
hline 66 203 220
hline 66 288 302
hline 66 309 323
hline 66 362 376
hline 66 385 396
hline 66 436 449
hline 66 458 473
hline 66 507 522
hline 66 556 566
hline 66 569 588
hline 66 592 597
hline 66 675 676
hline 66 717 725
hline 66 727 727
hline 66 734 736
hline 66 743 756
hline 66 762 765
hline 66 772 776
hline 66 778 788
hline 67 23 28
hline 67 32 36
hline 67 147 156
hline 67 203 220
hline 67 288 302
hline 67 309 323
hline 67 363 375
hline 67 385 396
hline 67 437 449
hline 67 457 473
hline 67 507 522
hline 67 555 593
hline 67 714 722
hline 67 735 738
hline 67 740 749
hline 67 752 755
hline 67 762 765
hline 67 772 787
hline 68 23 28
hline 68 32 35
hline 68 85 86
hline 68 147 156
hline 68 204 221
hline 68 287 301
hline 68 309 323
hline 68 362 375
hline 68 384 396
hline 68 437 449
hline 68 458 473
hline 68 508 522
hline 68 554 590
hline 68 707 714
hline 68 722 723
hline 68 733 742
hline 68 745 748
hline 68 754 757
hline 68 763 780
hline 69 24 27
hline 69 86 86
hline 69 205 223
hline 69 286 300
hline 69 309 323
hline 69 362 375
hline 69 383 397
hline 69 437 449
hline 69 458 472
hline 69 508 522
hline 69 555 584
hline 69 675 677
hline 69 706 712
hline 69 721 728
hline 69 730 732
hline 69 738 742
hline 69 747 749
hline 69 754 769
hline 69 777 780
hline 70 24 27
hline 70 64 68
hline 70 86 87
hline 70 147 155
hline 70 206 224
hline 70 284 299
hline 70 310 324
hline 70 361 375
hline 70 385 397
hline 70 437 448
hline 70 458 473
hline 70 508 522
hline 70 555 579
hline 70 675 677
hline 70 710 713
hline 70 716 727
hline 70 739 743
hline 70 747 762
hline 70 765 769
hline 70 778 783
hline 71 1 4
hline 71 6 37
hline 71 39 154
hline 71 207 227
hline 71 283 299
hline 71 310 324
hline 71 360 374
hline 71 385 398
hline 71 435 448
hline 71 458 472
hline 71 507 522
hline 71 555 574
hline 71 674 676
hline 71 710 715
hline 71 725 727
hline 71 739 752
hline 71 758 761
hline 71 767 770
hline 71 780 787
hline 72 64 65
hline 72 208 229
hline 72 280 297
hline 72 311 325
hline 72 360 374
hline 72 386 398
hline 72 434 447
hline 72 459 473
hline 72 507 522
hline 72 555 569
hline 72 712 715
hline 72 726 729
hline 72 736 746
hline 72 749 752
hline 72 760 762
hline 72 768 771
hline 72 780 785
hline 73 14 18
hline 73 29 35
hline 73 55 62
hline 73 209 233
hline 73 277 296
hline 73 312 326
hline 73 359 374
hline 73 386 399
hline 73 433 447
hline 73 460 474
hline 73 506 522
hline 73 556 570
hline 73 712 716
hline 73 726 735
hline 73 743 745
hline 73 751 753
hline 73 761 763
hline 73 769 772
hline 73 778 784
hline 74 8 18
hline 74 57 61
hline 74 211 235
hline 74 274 295
hline 74 312 327
hline 74 357 373
hline 74 387 401
hline 74 431 446
hline 74 460 477
hline 74 504 522
hline 74 557 573
hline 74 601 607
hline 74 713 718
hline 74 721 730
hline 74 744 746
hline 74 752 754
hline 74 762 764
hline 74 770 778
hline 74 782 785
hline 75 8 19
hline 75 77 82
hline 75 84 87
hline 75 212 237
hline 75 272 293
hline 75 313 328
hline 75 355 372
hline 75 387 403
hline 75 430 445
hline 75 460 478
hline 75 502 522
hline 75 557 574
hline 75 598 608
hline 75 675 677
hline 75 714 722
hline 75 729 731
hline 75 744 746
hline 75 753 755
hline 75 762 767
hline 75 769 777
hline 75 782 785
hline 76 8 19
hline 76 28 36
hline 76 54 61
hline 76 215 242
hline 76 268 292
hline 76 314 329
hline 76 353 372
hline 76 388 404
hline 76 427 444
hline 76 461 479
hline 76 500 522
hline 76 557 575
hline 76 595 610
hline 76 674 677
hline 76 715 720
hline 76 730 732
hline 76 745 747
hline 76 753 756
hline 76 762 778
hline 76 783 789
hline 77 8 17
hline 77 25 36
hline 77 52 61
hline 77 216 290
hline 77 315 333
hline 77 350 371
hline 77 389 407
hline 77 425 443
hline 77 462 484
hline 77 496 522
hline 77 558 578
hline 77 592 612
hline 77 676 676
hline 77 716 722
hline 77 727 741
hline 77 745 749
hline 77 753 780
hline 77 783 789
hline 78 25 35
hline 78 52 59
hline 78 85 87
hline 78 218 287
hline 78 317 369
hline 78 390 442
hline 78 464 522
hline 78 560 612
hline 78 664 664
hline 78 717 728
hline 78 731 736
hline 78 738 789
hline 79 52 56
hline 79 81 87
hline 79 220 285
hline 79 319 368
hline 79 392 441
hline 79 466 522
hline 79 561 610
hline 79 663 667
hline 79 717 717
hline 79 720 725
hline 79 733 736
hline 79 747 750
hline 79 755 768
hline 79 776 789
hline 80 78 87
hline 80 224 282
hline 80 320 365
hline 80 395 437
hline 80 468 522
hline 80 565 608
hline 80 662 666
hline 80 721 727
hline 80 735 737
hline 80 748 750
hline 80 756 763
hline 80 766 768
hline 80 777 789
hline 81 76 81
hline 81 84 87
hline 81 227 279
hline 81 323 363
hline 81 397 434
hline 81 471 522
hline 81 567 606
hline 81 722 728
hline 81 735 738
hline 81 749 751
hline 81 757 763
hline 81 767 769
hline 81 778 785
hline 81 788 789
hline 82 76 82
hline 82 233 274
hline 82 326 358
hline 82 399 431
hline 82 473 522
hline 82 568 602
hline 82 721 731
hline 82 735 739
hline 82 749 751
hline 82 757 763
hline 82 768 770
hline 82 778 784
hline 83 1 7
hline 83 67 82
hline 83 240 266
hline 83 330 355
hline 83 405 425
hline 83 478 500
hline 83 506 522
hline 83 576 596
hline 83 598 598
hline 83 721 742
hline 83 750 752
hline 83 757 762
hline 83 768 771
hline 83 774 784
hline 84 3 21
hline 84 57 64
hline 84 68 70
hline 84 76 78
hline 84 80 92
hline 84 249 250
hline 84 253 262
hline 84 335 335
hline 84 340 349
hline 84 408 419
hline 84 480 497
hline 84 506 522
hline 84 584 586
hline 84 592 592
hline 84 727 734
hline 84 736 746
hline 84 750 753
hline 84 758 763
hline 84 768 787
hline 85 8 23
hline 85 48 62
hline 85 65 68
hline 85 73 78
hline 85 81 96
hline 85 506 521
hline 85 728 733
hline 85 740 754
hline 85 757 788
hline 86 14 23
hline 86 42 74
hline 86 80 86
hline 86 89 101
hline 86 507 521
hline 86 676 677
hline 86 730 734
hline 86 742 787
hline 87 7 18
hline 87 38 69
hline 87 71 73
hline 87 91 104
hline 87 472 473
hline 87 506 520
hline 87 676 676
hline 87 731 735
hline 87 743 746
hline 87 752 756
hline 87 761 787
hline 88 1 8
hline 88 35 38
hline 88 40 55
hline 88 63 68
hline 88 97 108
hline 88 465 474
hline 88 504 520
hline 88 731 747
hline 88 753 757
hline 88 763 782
hline 88 786 787
hline 89 32 34
hline 89 63 66
hline 89 71 72
hline 89 102 112
hline 89 461 476
hline 89 502 519
hline 89 728 760
hline 89 763 790
hline 90 28 31
hline 90 62 64
hline 90 71 73
hline 90 106 114
hline 90 461 477
hline 90 500 518
hline 90 660 661
hline 90 671 673
hline 90 675 676
hline 90 686 688
hline 90 735 739
hline 90 747 750
hline 90 754 772
hline 90 779 789
hline 91 23 29
hline 91 59 63
hline 91 109 117
hline 91 460 482
hline 91 498 517
hline 91 676 676
hline 91 736 741
hline 91 748 750
hline 91 757 762
hline 91 768 774
hline 91 777 786
hline 92 21 24
hline 92 58 61
hline 92 113 118
hline 92 462 516
hline 92 737 742
hline 92 749 751
hline 92 758 779
hline 92 782 786
hline 93 20 23
hline 93 57 60
hline 93 115 120
hline 93 463 516
hline 93 700 708
hline 93 739 744
hline 93 747 776
hline 93 783 789
hline 94 19 22
hline 94 56 59
hline 94 72 80
hline 94 83 83
hline 94 117 122
hline 94 465 514
hline 94 738 769
hline 94 772 777
hline 94 783 790
hline 95 16 21
hline 95 36 37
hline 95 55 58
hline 95 70 91
hline 95 118 123
hline 95 215 221
hline 95 224 231
hline 95 466 512
hline 95 676 677
hline 95 734 746
hline 95 750 755
hline 95 764 770
hline 95 773 788
hline 96 14 22
hline 96 33 37
hline 96 53 57
hline 96 69 73
hline 96 85 96
hline 96 121 125
hline 96 213 216
hline 96 219 225
hline 96 228 232
hline 96 289 291
hline 96 410 424
hline 96 468 511
hline 96 675 680
hline 96 685 688
hline 96 695 698
hline 96 703 710
hline 96 743 746
hline 96 752 756
hline 96 764 788
hline 97 13 36
hline 97 47 56
hline 97 68 69
hline 97 92 100
hline 97 123 126
hline 97 220 225
hline 97 229 233
hline 97 285 298
hline 97 308 311
hline 97 318 320
hline 97 352 362
hline 97 409 414
hline 97 473 508
hline 97 641 645
hline 97 674 678
hline 97 744 747
hline 97 752 771
hline 97 774 779
hline 97 785 789
hline 98 12 30
hline 98 48 55
hline 98 67 68
hline 98 96 105
hline 98 124 129
hline 98 221 224
hline 98 229 234
hline 98 285 288
hline 98 314 323
hline 98 351 354
hline 98 405 421
hline 98 474 505
hline 98 692 694
hline 98 743 763
hline 98 765 770
hline 98 777 780
hline 98 783 789
hline 99 10 28
hline 99 49 54
hline 99 65 67
hline 99 100 107
hline 99 126 130
hline 99 222 225
hline 99 285 289
hline 99 313 313
hline 99 319 323
hline 99 342 342
hline 99 351 354
hline 99 411 412
hline 99 419 424
hline 99 480 498
hline 99 642 646
hline 99 691 693
hline 99 703 708
hline 99 739 748
hline 99 755 760
hline 99 766 789
hline 100 8 25
hline 100 50 54
hline 100 65 66
hline 100 105 109
hline 100 127 132
hline 100 286 296
hline 100 319 322
hline 100 340 343
hline 100 352 365
hline 100 379 381
hline 100 389 396
hline 100 421 424
hline 100 644 648
hline 100 702 705
hline 100 738 739
hline 100 745 748
hline 100 757 773
hline 100 778 781
hline 100 787 789
hline 101 7 16
hline 101 19 22
hline 101 50 53
hline 101 64 65
hline 101 107 112
hline 101 129 133
hline 101 294 298
hline 101 317 321
hline 101 339 346
hline 101 363 367
hline 101 373 380
hline 101 390 396
hline 101 423 424
hline 101 645 651
hline 101 699 703
hline 101 746 749
hline 101 755 763
hline 101 769 772
hline 101 780 781
hline 102 6 10
hline 102 108 113
hline 102 130 134
hline 102 239 242
hline 102 294 299
hline 102 315 321
hline 102 338 344
hline 102 363 368
hline 102 374 380
hline 102 389 397
hline 102 412 414
hline 102 422 424
hline 102 647 657
hline 102 693 701
hline 102 746 760
hline 103 5 9
hline 103 71 78
hline 103 109 114
hline 103 131 135
hline 103 233 243
hline 103 286 287
hline 103 294 299
hline 103 313 326
hline 103 341 343
hline 103 355 355
hline 103 363 367
hline 103 373 376
hline 103 378 383
hline 103 390 393
hline 103 395 396
hline 103 411 423
hline 103 444 448
hline 103 650 665
hline 103 668 681
hline 103 683 684
hline 103 686 696
hline 103 698 698
hline 103 745 752
hline 103 756 761
hline 104 5 8
hline 104 70 80
hline 104 111 115
hline 104 132 136
hline 104 234 244
hline 104 285 296
hline 104 313 324
hline 104 354 365
hline 104 373 375
hline 104 380 381
hline 104 415 420
hline 104 442 449
hline 104 658 692
hline 104 745 751
hline 104 757 761
hline 105 4 7
hline 105 69 74
hline 105 77 87
hline 105 113 117
hline 105 133 137
hline 105 241 244
hline 105 288 293
hline 105 354 355
hline 105 440 449
hline 105 749 751
hline 106 3 6
hline 106 68 69
hline 106 83 90
hline 106 115 119
hline 106 242 245
hline 106 348 356
hline 106 436 448
hline 107 47 51
hline 107 67 68
hline 107 86 92
hline 107 116 120
hline 107 243 246
hline 107 347 356
hline 107 437 446
hline 108 37 39
hline 108 66 67
hline 108 90 96
hline 108 118 121
hline 108 244 248
hline 108 342 356
hline 108 430 432
hline 108 438 441
hline 109 38 40
hline 109 71 74
hline 109 93 97
hline 109 119 122
hline 109 244 248
hline 109 342 355
hline 110 39 41
hline 110 94 99
hline 110 120 123
hline 110 245 249
hline 110 338 339
hline 110 343 352
hline 111 1 4
hline 111 40 44
hline 111 72 78
hline 111 96 100
hline 111 245 249
hline 111 263 268
hline 111 324 329
hline 111 336 338
hline 111 344 346
hline 111 361 371
hline 111 413 428
hline 111 645 669
hline 112 41 49
hline 112 71 82
hline 112 246 252
hline 112 256 268
hline 112 314 318
hline 112 323 325
hline 112 327 332
hline 112 336 336
hline 112 360 363
hline 112 413 427
hline 112 638 639
hline 112 641 675
hline 113 42 49
hline 113 58 59
hline 113 70 74
hline 113 80 84
hline 113 246 267
hline 113 313 318
hline 113 322 324
hline 113 329 333
hline 113 359 370
hline 113 412 425
hline 113 635 643
hline 113 668 678
hline 114 43 49
hline 114 70 74
hline 114 83 86
hline 114 247 255
hline 114 259 263
hline 114 314 318
hline 114 320 322
hline 114 331 335
hline 114 348 351
hline 114 360 372
hline 114 391 399
hline 114 406 410
hline 114 413 427
hline 114 629 636
hline 114 672 682
hline 115 44 48
hline 115 69 73
hline 115 84 87
hline 115 249 256
hline 115 258 261
hline 115 315 322
hline 115 332 335
hline 115 347 354
hline 115 370 373
hline 115 377 379
hline 115 382 385
hline 115 391 399
hline 115 425 428
hline 115 626 631
hline 115 641 665
hline 115 678 685
hline 116 72 74
hline 116 86 88
hline 116 220 223
hline 116 248 259
hline 116 319 322
hline 116 332 335
hline 116 345 355
hline 116 371 374
hline 116 378 385
hline 116 390 399
hline 116 425 428
hline 116 623 627
hline 116 635 643
hline 116 657 663
hline 116 665 671
hline 116 682 687
hline 117 87 89
hline 117 101 104
hline 117 123 126
hline 117 249 255
hline 117 320 323
hline 117 331 335
hline 117 347 352
hline 117 371 373
hline 117 379 386
hline 117 391 397
hline 117 413 416
hline 117 425 429
hline 117 499 499
hline 117 621 625
hline 117 632 636
hline 117 656 659
hline 117 667 674
hline 117 684 691
hline 118 88 89
hline 118 123 126
hline 118 208 215
hline 118 229 233
hline 118 250 254
hline 118 321 333
hline 118 349 349
hline 118 360 373
hline 118 378 387
hline 118 413 419
hline 118 423 428
hline 118 495 500
hline 118 619 623
hline 118 631 635
hline 118 653 656
hline 118 666 677
hline 118 685 693
hline 119 101 104
hline 119 140 144
hline 119 202 209
hline 119 249 253
hline 119 323 331
hline 119 360 371
hline 119 378 379
hline 119 385 387
hline 119 414 426
hline 119 616 620
hline 119 630 635
hline 119 664 666
hline 119 672 681
hline 119 687 695
hline 120 84 154
hline 120 195 202
hline 120 250 253
hline 120 418 419
hline 120 614 618
hline 120 626 636
hline 120 649 650
hline 120 662 664
hline 120 673 682
hline 120 688 696
hline 121 83 83
hline 121 85 85
hline 121 88 91
hline 121 96 96
hline 121 99 103
hline 121 106 108
hline 121 110 118
hline 121 121 122
hline 121 124 145
hline 121 148 151
hline 121 153 154
hline 121 179 188
hline 121 192 199
hline 121 613 616
hline 121 625 627
hline 121 630 637
hline 121 650 652
hline 121 656 658
hline 121 661 665
hline 121 675 676
hline 121 679 684
hline 121 690 698
hline 122 170 195
hline 122 221 223
hline 122 239 241
hline 122 250 254
hline 122 612 615
hline 122 625 627
hline 122 635 640
hline 122 651 653
hline 122 656 664
hline 122 674 677
hline 122 680 684
hline 122 693 698
hline 122 798 800
hline 123 67 69
hline 123 140 144
hline 123 169 195
hline 123 611 613
hline 123 618 623
hline 123 625 628
hline 123 637 641
hline 123 651 653
hline 123 671 686
hline 123 694 699
hline 123 795 798
hline 124 1 5
hline 124 45 49
hline 124 124 126
hline 124 169 195
hline 124 610 612
hline 124 616 619
hline 124 627 629
hline 124 639 643
hline 124 651 653
hline 124 668 672
hline 124 683 688
hline 124 695 701
hline 124 790 795
hline 125 1 7
hline 125 45 48
hline 125 87 88
hline 125 140 144
hline 125 169 195
hline 125 358 368
hline 125 407 419
hline 125 608 610
hline 125 615 618
hline 125 628 630
hline 125 638 642
hline 125 666 668
hline 125 684 691
hline 125 696 702
hline 125 788 789
hline 126 1 9
hline 126 85 87
hline 126 167 196
hline 126 205 215
hline 126 251 256
hline 126 356 367
hline 126 407 412
hline 126 607 609
hline 126 614 618
hline 126 629 631
hline 126 638 642
hline 126 682 684
hline 126 687 692
hline 126 698 703
hline 126 786 787
hline 127 1 10
hline 127 83 84
hline 127 98 100
hline 127 140 144
hline 127 165 197
hline 127 200 210
hline 127 355 367
hline 127 407 417
hline 127 605 608
hline 127 614 617
hline 127 630 632
hline 127 641 643
hline 127 654 658
hline 127 661 661
hline 127 681 682
hline 127 688 693
hline 127 699 704
hline 127 782 785
hline 128 1 12
hline 128 79 82
hline 128 97 99
hline 128 165 205
hline 128 356 370
hline 128 407 407
hline 128 412 420
hline 128 507 509
hline 128 604 607
hline 128 613 618
hline 128 633 634
hline 128 642 648
hline 128 655 658
hline 128 680 681
hline 128 689 694
hline 128 700 705
hline 128 781 784
hline 128 795 800
hline 129 2 13
hline 129 72 79
hline 129 90 154
hline 129 165 191
hline 129 194 201
hline 129 368 371
hline 129 377 377
hline 129 380 384
hline 129 417 421
hline 129 603 606
hline 129 611 614
hline 129 616 618
hline 129 628 629
hline 129 634 635
hline 129 646 649
hline 129 679 680
hline 129 689 694
hline 129 701 707
hline 129 779 800
hline 130 1 14
hline 130 91 96
hline 130 102 135
hline 130 138 153
hline 130 165 190
hline 130 252 257
hline 130 369 372
hline 130 375 382
hline 130 418 422
hline 130 602 606
hline 130 610 613
hline 130 626 628
hline 130 635 635
hline 130 646 650
hline 130 666 668
hline 130 671 678
hline 130 684 684
hline 130 689 694
hline 130 702 708
hline 130 778 787
hline 130 790 795
hline 131 2 14
hline 131 71 73
hline 131 91 95
hline 131 171 186
hline 131 368 371
hline 131 375 381
hline 131 407 408
hline 131 416 422
hline 131 492 495
hline 131 602 605
hline 131 609 612
hline 131 646 649
hline 131 667 668
hline 131 670 678
hline 131 681 685
hline 131 689 693
hline 131 703 708
hline 131 776 779
hline 131 791 795
hline 131 798 800
hline 132 3 15
hline 132 58 62
hline 132 66 68
hline 132 72 74
hline 132 89 92
hline 132 173 183
hline 132 368 369
hline 132 375 382
hline 132 392 399
hline 132 407 420
hline 132 487 495
hline 132 601 603
hline 132 609 611
hline 132 622 623
hline 132 646 649
hline 132 666 672
hline 132 676 682
hline 132 689 693
hline 132 703 709
hline 132 774 778
hline 132 793 800
hline 133 3 15
hline 133 67 69
hline 133 85 91
hline 133 176 177
hline 133 357 368
hline 133 373 376
hline 133 379 383
hline 133 393 398
hline 133 408 417
hline 133 608 610
hline 133 617 620
hline 133 625 637
hline 133 647 652
hline 133 659 673
hline 133 678 680
hline 133 687 693
hline 133 704 709
hline 133 772 777
hline 134 4 15
hline 134 68 88
hline 134 119 122
hline 134 137 141
hline 134 361 363
hline 134 374 374
hline 134 381 381
hline 134 393 399
hline 134 411 414
hline 134 466 472
hline 134 609 611
hline 134 614 618
hline 134 630 663
hline 134 672 681
hline 134 685 691
hline 134 697 699
hline 134 704 709
hline 134 771 775
hline 135 4 16
hline 135 69 83
hline 135 118 121
hline 135 135 140
hline 135 357 384
hline 135 392 398
hline 135 407 422
hline 135 449 495
hline 135 498 502
hline 135 609 616
hline 135 654 658
hline 135 675 685
hline 135 697 700
hline 135 705 709
hline 135 770 773
hline 136 5 17
hline 136 70 74
hline 136 117 120
hline 136 134 139
hline 136 357 378
hline 136 409 420
hline 136 449 458
hline 136 462 463
hline 136 484 527
hline 136 610 614
hline 136 676 679
hline 136 696 699
hline 136 704 710
hline 136 769 771
hline 137 6 19
hline 137 116 118
hline 137 133 138
hline 137 212 217
hline 137 370 377
hline 137 407 422
hline 137 451 463
hline 137 485 491
hline 137 513 529
hline 137 609 612
hline 137 627 628
hline 137 676 679
hline 137 695 698
hline 137 704 710
hline 137 768 770
hline 138 7 21
hline 138 114 117
hline 138 132 137
hline 138 364 375
hline 138 405 409
hline 138 459 465
hline 138 491 492
hline 138 513 531
hline 138 568 570
hline 138 608 611
hline 138 628 634
hline 138 641 645
hline 138 657 668
hline 138 670 672
hline 138 675 679
hline 138 696 699
hline 138 704 710
hline 138 767 769
hline 139 8 22
hline 139 113 116
hline 139 130 136
hline 139 212 217
hline 139 363 370
hline 139 404 409
hline 139 464 473
hline 139 483 486
hline 139 491 493
hline 139 514 531
hline 139 570 572
hline 139 609 610
hline 139 629 636
hline 139 645 648
hline 139 650 652
hline 139 655 657
hline 139 673 677
hline 139 696 700
hline 139 705 710
hline 139 766 768
hline 140 9 23
hline 140 110 117
hline 140 127 135
hline 140 200 201
hline 140 204 204
hline 140 210 211
hline 140 220 234
hline 140 363 376
hline 140 405 419
hline 140 468 469
hline 140 471 487
hline 140 491 494
hline 140 513 530
hline 140 572 573
hline 140 609 611
hline 140 672 677
hline 140 690 690
hline 140 693 693
hline 140 696 701
hline 140 704 710
hline 140 765 767
hline 141 11 26
hline 141 101 102
hline 141 109 118
hline 141 126 136
hline 141 199 203
hline 141 230 235
hline 141 364 377
hline 141 406 421
hline 141 477 488
hline 141 492 498
hline 141 512 530
hline 141 573 574
hline 141 609 611
hline 141 672 676
hline 141 684 710
hline 141 764 767
hline 142 13 28
hline 142 45 53
hline 142 90 154
hline 142 188 188
hline 142 199 205
hline 142 207 234
hline 142 375 378
hline 142 416 421
hline 142 493 529
hline 142 610 612
hline 142 644 647
hline 142 655 661
hline 142 670 676
hline 142 681 684
hline 142 699 711
hline 142 763 766
hline 143 15 29
hline 143 44 54
hline 143 98 99
hline 143 102 108
hline 143 125 131
hline 143 151 151
hline 143 187 188
hline 143 196 205
hline 143 209 211
hline 143 222 234
hline 143 365 367
hline 143 375 377
hline 143 407 411
hline 143 415 421
hline 143 506 509
hline 143 524 528
hline 143 543 545
hline 143 547 547
hline 143 614 624
hline 143 630 635
hline 143 641 644
hline 143 646 655
hline 143 667 675
hline 143 679 682
hline 143 705 711
hline 143 762 800
hline 144 16 31
hline 144 42 54
hline 144 96 105
hline 144 123 130
hline 144 149 154
hline 144 198 201
hline 144 208 211
hline 144 220 226
hline 144 228 231
hline 144 364 376
hline 144 409 418
hline 144 551 552
hline 144 613 615
hline 144 629 633
hline 144 636 637
hline 144 665 671
hline 144 677 679
hline 144 707 713
hline 144 761 765
hline 144 772 776
hline 144 785 800
hline 145 17 34
hline 145 41 55
hline 145 93 103
hline 145 121 130
hline 145 132 133
hline 145 150 151
hline 145 158 159
hline 145 184 186
hline 145 201 201
hline 145 206 211
hline 145 221 233
hline 145 368 373
hline 145 552 556
hline 145 580 593
hline 145 612 614
hline 145 630 633
hline 145 649 652
hline 145 663 668
hline 145 675 678
hline 145 709 715
hline 145 761 763
hline 146 19 35
hline 146 39 56
hline 146 87 104
hline 146 113 129
hline 146 131 132
hline 146 155 157
hline 146 202 203
hline 146 222 227
hline 146 231 232
hline 146 556 561
hline 146 574 582
hline 146 590 594
hline 146 611 613
hline 146 630 633
hline 146 644 648
hline 146 650 666
hline 146 673 677
hline 146 710 716
hline 147 20 57
hline 147 77 92
hline 147 100 104
hline 147 112 125
hline 147 127 131
hline 147 153 156
hline 147 159 184
hline 147 188 188
hline 147 202 203
hline 147 215 218
hline 147 222 226
hline 147 229 231
hline 147 540 542
hline 147 570 577
hline 147 611 614
hline 147 629 635
hline 147 638 642
hline 147 651 659
hline 147 673 677
hline 147 712 719
hline 148 22 58
hline 148 71 85
hline 148 110 123
hline 148 128 130
hline 148 152 155
hline 148 158 161
hline 148 172 173
hline 148 176 177
hline 148 180 184
hline 148 204 204
hline 148 213 217
hline 148 223 225
hline 148 228 231
hline 148 383 385
hline 148 540 544
hline 148 563 565
hline 148 567 568
hline 148 612 614
hline 148 626 632
hline 148 640 641
hline 148 649 650
hline 148 653 659
hline 148 673 677
hline 148 714 721
hline 149 25 59
hline 149 71 80
hline 149 104 125
hline 149 127 130
hline 149 151 164
hline 149 166 167
hline 149 170 170
hline 149 172 173
hline 149 176 183
hline 149 212 218
hline 149 222 224
hline 149 227 231
hline 149 377 377
hline 149 381 386
hline 149 540 545
hline 149 565 571
hline 149 613 617
hline 149 624 629
hline 149 637 642
hline 149 648 649
hline 149 654 655
hline 149 657 660
hline 149 672 676
hline 149 716 721
hline 150 27 59
hline 150 103 116
hline 150 154 159
hline 150 208 218
hline 150 222 224
hline 150 227 229
hline 150 375 385
hline 150 392 400
hline 150 540 545
hline 150 565 572
hline 150 616 626
hline 150 634 640
hline 150 647 651
hline 150 654 660
hline 150 670 675
hline 150 718 722
hline 151 30 61
hline 151 89 154
hline 151 178 184
hline 151 205 219
hline 151 221 225
hline 151 227 228
hline 151 375 384
hline 151 391 402
hline 151 542 546
hline 151 558 561
hline 151 565 573
hline 151 607 612
hline 151 621 625
hline 151 632 635
hline 151 645 649
hline 151 655 660
hline 151 668 671
hline 151 719 724
hline 152 34 64
hline 152 90 107
hline 152 212 218
hline 152 221 228
hline 152 377 384
hline 152 393 398
hline 152 545 547
hline 152 564 573
hline 152 588 591
hline 152 609 613
hline 152 621 625
hline 152 633 635
hline 152 642 648
hline 152 654 654
hline 152 658 660
hline 152 667 669
hline 152 719 724
hline 152 789 800
hline 153 36 66
hline 153 84 107
hline 153 117 119
hline 153 121 123
hline 153 126 130
hline 153 213 220
hline 153 222 230
hline 153 376 386
hline 153 392 401
hline 153 546 550
hline 153 553 556
hline 153 563 573
hline 153 577 578
hline 153 586 589
hline 153 610 615
hline 153 621 625
hline 153 646 649
hline 153 653 655
hline 153 658 660
hline 153 666 667
hline 153 720 724
hline 153 798 800
hline 154 42 57
hline 154 62 99
hline 154 205 205
hline 154 211 219
hline 154 222 229
hline 154 375 380
hline 154 382 386
hline 154 548 554
hline 154 563 573
hline 154 577 585
hline 154 611 618
hline 154 621 625
hline 154 628 628
hline 154 633 637
hline 154 643 647
hline 154 652 654
hline 154 658 660
hline 154 664 666
hline 154 719 723
hline 155 47 61
hline 155 74 91
hline 155 211 229
hline 155 548 549
hline 155 552 555
hline 155 558 558
hline 155 569 573
hline 155 576 584
hline 155 614 620
hline 155 623 628
hline 155 630 632
hline 155 636 641
hline 155 651 653
hline 155 656 660
hline 155 664 665
hline 155 713 721
hline 155 754 757
hline 156 55 82
hline 156 205 205
hline 156 208 208
hline 156 211 217
hline 156 228 231
hline 156 506 509
hline 156 553 558
hline 156 576 580
hline 156 582 584
hline 156 617 620
hline 156 624 628
hline 156 633 633
hline 156 649 652
hline 156 655 659
hline 156 663 664
hline 156 712 715
hline 156 799 800
hline 157 211 217
hline 157 229 232
hline 157 543 543
hline 157 557 559
hline 157 575 578
hline 157 584 589
hline 157 619 631
hline 157 639 650
hline 157 655 658
hline 157 662 664
hline 157 711 713
hline 157 754 758
hline 157 785 800
hline 158 104 106
hline 158 127 130
hline 158 208 216
hline 158 218 226
hline 158 228 232
hline 158 508 510
hline 158 542 543
hline 158 558 560
hline 158 572 577
hline 158 584 593
hline 158 620 625
hline 158 628 632
hline 158 637 650
hline 158 654 657
hline 158 662 664
hline 158 710 714
hline 158 753 800
vline 1 108 128
vline 2 107 131
vline 3 106 113
vline 3 115 133
vline 4 105 109
vline 5 103 108
vline 7 43 52
vline 8 40 52
vline 9 40 51
vline 10 40 51
vline 17 66 68
vline 17 70 77
vline 18 59 76
vline 19 59 72
vline 20 59 63
vline 20 67 68
vline 32 70 78
vline 33 62 78
vline 34 41 50
vline 34 62 78
vline 35 41 55
vline 35 63 78
vline 36 42 48
vline 41 131 132
vline 42 131 133
vline 43 131 134
vline 44 128 135
vline 45 112 122
vline 45 127 154
vline 46 112 154
vline 47 40 47
vline 47 107 155
vline 48 40 53
vline 48 106 155
vline 49 24 25
vline 49 43 52
vline 49 103 114
vline 49 116 122
vline 49 130 155
vline 50 23 24
vline 50 97 109
vline 50 133 155
vline 51 22 23
vline 51 97 105
vline 51 136 155
vline 52 17 22
vline 52 97 103
vline 52 139 155
vline 53 14 21
vline 54 17 19
vline 56 117 126
vline 57 114 131
vline 58 67 78
vline 58 108 135
vline 59 61 78
vline 59 107 111
vline 59 115 118
vline 59 122 136
vline 60 61 77
vline 60 106 110
vline 60 128 137
vline 61 61 77
vline 61 105 108
vline 61 130 138
vline 62 67 73
vline 62 104 106
vline 62 122 123
vline 62 134 140
vline 63 102 104
vline 63 113 124
vline 63 135 141
vline 64 63 68
vline 64 101 103
vline 64 110 119
vline 64 121 128
vline 64 137 142
vline 65 38 40
vline 65 42 44
vline 65 63 72
vline 65 109 113
vline 65 124 130
vline 65 139 143
vline 66 37 49
vline 66 55 71
vline 66 108 110
vline 66 119 120
vline 66 126 132
vline 66 140 144
vline 67 37 49
vline 67 57 71
vline 67 117 121
vline 67 130 133
vline 67 142 145
vline 68 39 49
vline 68 67 68
vline 68 116 124
vline 68 143 146
vline 69 17 21
vline 69 115 120
vline 69 122 126
vline 69 144 147
vline 70 124 127
vline 70 145 147
vline 71 95 100
vline 71 102 109
vline 71 119 128
vline 71 134 141
vline 71 143 154
vline 72 86 154
vline 73 83 88
vline 73 92 154
vline 74 100 105
vline 74 123 130
vline 74 139 140
vline 74 144 156
vline 81 32 37
vline 81 39 40
vline 81 42 44
vline 82 32 47
vline 83 35 36
vline 83 39 46
vline 85 74 81
vline 86 74 81
vline 88 123 125
vline 89 117 124
vline 97 109 113
vline 98 110 114
vline 99 38 41
vline 99 110 115
vline 99 126 130
vline 100 38 50
vline 100 111 116
vline 100 125 127
vline 101 113 121
vline 101 123 126
vline 102 114 124
vline 103 115 123
vline 104 149 156
vline 105 149 158
vline 106 149 158
vline 120 132 136
vline 121 108 112
vline 121 129 135
vline 122 17 21
vline 122 109 114
vline 122 128 134
vline 123 110 115
vline 123 127 133
vline 124 111 130
vline 125 116 130
vline 128 153 158
vline 129 153 158
vline 130 156 158
vline 134 102 108
vline 135 103 109
vline 136 104 110
vline 137 105 111
vline 138 106 113
vline 138 132 137
vline 139 108 114
vline 139 128 136
vline 140 109 117
vline 140 119 135
vline 141 111 134
vline 142 112 132
vline 143 115 130
vline 147 62 65
vline 148 55 71
vline 149 55 71
vline 152 55 71
vline 153 32 47
vline 153 55 71
vline 154 32 47
vline 154 55 71
vline 155 32 47
vline 155 55 70
vline 155 153 158
vline 156 35 46
vline 156 56 68
vline 156 152 158
vline 157 153 158
vline 175 18 19
vline 176 17 22
vline 177 13 15
vline 177 20 23
vline 182 151 158
vline 183 147 158
vline 184 150 158
vline 205 149 152
vline 206 101 103
vline 206 151 153
vline 207 100 104
vline 207 145 149
vline 207 151 154
vline 208 100 106
vline 208 144 152
vline 209 99 110
vline 209 142 151
vline 210 99 112
vline 211 99 100
vline 211 106 118
vline 211 131 136
vline 212 98 101
vline 212 107 122
vline 212 124 137
vline 213 96 101
vline 213 109 139
vline 214 96 102
vline 214 110 111
vline 214 113 144
vline 215 95 104
vline 215 116 145
vline 216 98 105
vline 216 120 124
vline 216 128 158
vline 217 13 16
vline 217 18 19
vline 217 99 108
vline 217 139 157
vline 218 14 22
vline 218 102 109
vline 218 111 112
vline 218 140 147
vline 219 15 21
vline 219 103 114
vline 220 16 17
vline 220 107 116
vline 220 118 119
vline 221 109 120
vline 222 111 125
vline 223 96 101
vline 223 120 125
vline 224 95 103
vline 224 123 125
vline 225 99 105
vline 226 100 106
vline 227 101 109
vline 228 103 114
vline 228 116 117
vline 229 105 119
vline 230 107 121
vline 231 95 100
vline 231 108 111
vline 231 113 122
vline 232 96 101
vline 232 114 115
vline 232 117 124
vline 233 97 103
vline 233 120 124
vline 234 17 21
vline 234 98 105
vline 234 121 122
vline 235 16 23
vline 235 100 107
vline 236 15 23
vline 236 102 110
vline 236 112 113
vline 237 14 16
vline 237 103 118
vline 238 106 119
vline 239 108 122
vline 240 115 122
vline 245 155 158
vline 246 149 158
vline 247 149 158
vline 248 148 158
vline 249 146 158
vline 250 145 158
vline 251 112 124
vline 251 142 147
vline 251 149 158
vline 252 112 128
vline 252 139 146
vline 253 113 144
vline 254 121 141
vline 255 125 140
vline 256 126 138
vline 257 129 133
vline 289 18 21
vline 290 16 23
vline 291 18 24
vline 292 23 24
vline 293 24 25
vline 306 99 104
vline 307 98 104
vline 308 97 100
vline 308 102 105
vline 309 97 99
vline 309 104 105
vline 315 112 119
vline 316 16 23
vline 316 112 119
vline 317 17 22
vline 317 111 118
vline 318 18 21
vline 318 117 118
vline 330 97 98
vline 330 103 105
vline 331 18 21
vline 331 97 104
vline 332 15 22
vline 332 97 104
vline 333 15 22
vline 333 97 104
vline 334 98 103
vline 335 100 102
vline 357 20 23
vline 358 16 22
vline 359 17 21
vline 405 97 100
vline 406 97 101
vline 406 117 118
vline 407 96 104
vline 407 111 119
vline 408 98 104
vline 408 111 119
vline 408 149 153
vline 409 97 103
vline 409 111 119
vline 409 148 155
vline 410 112 118
vline 410 148 155
vline 411 148 154
vline 412 148 154
vline 413 149 153
vline 484 138 143
vline 485 135 144
vline 486 135 145
vline 487 124 126
vline 487 132 138
vline 487 140 146
vline 488 123 137
vline 488 141 147
vline 489 121 137
vline 489 144 149
vline 490 120 126
vline 490 129 137
vline 490 147 156
vline 491 120 122
vline 491 148 149
vline 491 151 158
vline 492 119 128
vline 492 157 158
vline 493 119 133
vline 494 119 133
vline 495 118 132
vline 496 118 123
vline 499 120 133
vline 500 118 133
vline 501 119 133
vline 502 120 127
vline 502 129 131
vline 503 121 126
vline 504 121 124
vline 505 121 123
vline 505 147 148
vline 506 121 122
vline 506 133 136
vline 506 145 154
vline 507 121 124
vline 507 126 129
vline 507 131 136
vline 507 142 157
vline 508 121 136
vline 508 142 158
vline 509 122 126
vline 509 132 136
vline 509 145 146
vline 509 148 153
vline 509 155 158
vline 531 38 59
vline 531 68 80
vline 532 35 82
vline 533 35 83
vline 534 34 83
vline 535 34 83
vline 536 34 83
vline 537 34 83
vline 538 34 83
vline 539 34 72
vline 539 74 83
vline 539 145 146
vline 540 36 83
vline 540 144 150
vline 541 36 83
vline 542 35 83
vline 543 34 83
vline 544 35 83
vline 545 35 45
vline 545 49 83
vline 546 39 43
vline 546 50 68
vline 546 71 82
vline 547 73 80
vline 558 151 153
vline 559 146 152
vline 560 145 151
vline 561 145 147
vline 562 142 143
vline 563 141 142
vline 574 141 144
vline 575 143 147
vline 576 144 150
vline 577 149 158
vline 591 150 152
vline 592 145 151
vline 593 145 151
vline 594 146 150
vline 599 137 140
vline 600 133 141
vline 601 132 144
vline 602 130 145
vline 603 135 147
vline 604 141 148
vline 605 143 149
vline 606 144 150
vline 607 36 40
vline 607 145 151
vline 608 34 42
vline 608 146 151
vline 609 33 43
vline 609 148 152
vline 610 33 42
vline 610 149 153
vline 631 153 155
vline 641 95 98
vline 642 94 99
vline 643 1 7
vline 643 92 99
vline 644 1 7
vline 644 91 100
vline 645 2 6
vline 645 89 93
vline 646 88 92
vline 647 87 90
vline 648 85 89
vline 649 84 88
vline 650 83 86
vline 651 81 85
vline 652 80 83
vline 653 79 82
vline 654 78 81
vline 655 76 80
vline 656 75 79
vline 657 75 78
vline 658 74 77
vline 658 127 132
vline 659 72 76
vline 659 129 134
vline 660 71 75
vline 660 131 134
vline 661 70 73
vline 662 69 72
vline 663 68 70
vline 664 67 69
vline 665 64 68
vline 666 63 66
vline 667 62 65
vline 668 61 63
vline 669 60 62
vline 670 58 61
vline 676 80 82
vline 677 80 81
vline 681 59 64
vline 682 60 65
vline 683 61 66
vline 684 63 68
vline 685 64 69
vline 686 65 70
vline 687 66 72
vline 688 68 73
vline 689 70 75
vline 690 70 75
vline 691 71 76
vline 692 72 77
vline 693 73 79
vline 694 75 80
vline 695 76 81
vline 696 78 83
vline 697 79 84
vline 698 80 85
vline 698 130 141
vline 699 82 87
vline 699 130 136
vline 700 83 88
vline 701 85 90
vline 702 86 93
vline 703 87 94
vline 704 88 94
vline 705 90 100
vline 706 91 99
vline 707 92 99
vline 708 93 99
vline 709 94 98
vline 710 95 97
vline 755 152 158
vline 756 150 158
vline 757 149 158
vline 758 148 154
vline 759 147 154
vline 760 146 151
vline 761 144 149
vline 762 143 147
vline 777 15 30
vline 777 32 35
vline 777 37 38
vline 778 10 40
vline 779 10 40
vline 780 10 40
vline 781 10 39
vline 782 22 29
vline 788 154 158
vline 789 88 91
vline 789 152 158
vline 790 150 158
vline 791 147 158
vline 792 146 154
vline 793 143 154
vline 794 143 152
vline 795 67 86
vline 795 90 95
vline 795 97 107
vline 795 142 152
vline 796 66 108
vline 796 140 152
vline 797 65 109
vline 797 139 144
vline 797 146 152
vline 798 65 109
vline 798 138 144
vline 798 146 149
vline 799 64 109
vline 799 137 148
vline 800 64 66
vline 800 78 109
vline 800 126 132
vline 800 136 140
vline 800 143 147
vline 800 152 158
113
hline 6 14 17
hline 6 188 195
hline 7 14 17
hline 7 188 195
hline 8 14 17
hline 8 77 83
hline 8 184 195
hline 9 14 17
hline 9 76 84
hline 9 184 187
hline 10 6 9
hline 10 17 58
hline 10 118 150
hline 11 6 9
hline 11 18 59
hline 11 118 150
hline 12 6 59
hline 12 93 95
hline 12 118 150
hline 13 10 17
hline 13 22 59
hline 13 92 96
hline 13 118 150
hline 14 6 9
hline 14 12 13
hline 14 22 58
hline 14 65 88
hline 14 94 95
hline 14 118 150
hline 14 175 191
hline 15 6 9
hline 15 22 44
hline 15 65 88
hline 15 97 150
hline 15 174 191
hline 16 22 44
hline 16 65 88
hline 16 97 150
hline 16 174 191
hline 17 22 44
hline 17 65 88
hline 17 97 150
hline 17 174 191
hline 18 22 44
hline 18 53 88
hline 18 97 150
hline 18 174 191
hline 19 22 44
hline 19 52 88
hline 19 97 150
hline 19 174 191
hline 20 22 44
hline 20 52 88
hline 20 97 150
hline 21 22 44
hline 21 53 88
hline 21 97 150
hline 22 22 44
hline 22 65 88
hline 22 97 150
hline 23 12 44
hline 23 65 88
hline 23 97 117
hline 23 141 150
hline 24 11 44
hline 24 65 88
hline 24 97 117
hline 24 141 150
hline 25 11 44
hline 25 64 88
hline 25 97 116
hline 25 141 150
hline 26 5 64
hline 26 110 113
hline 26 124 150
hline 26 174 192
hline 27 5 64
hline 27 110 113
hline 27 124 150
hline 27 174 192
hline 28 21 64
hline 28 106 113
hline 28 124 150
hline 28 174 192
hline 29 22 64
hline 29 106 113
hline 29 124 150
hline 29 174 192
hline 30 22 64
hline 30 114 117
hline 30 124 150
hline 30 170 191
hline 31 22 64
hline 31 114 117
hline 32 22 64
hline 32 114 117
hline 33 114 117
vline 157 6 25
vline 158 6 25
vline 159 6 25
vline 160 6 25
vline 161 6 25
vline 162 6 25
vline 163 6 25
vline 164 6 25
vline 165 6 25
vline 166 6 25
vline 167 6 25
vline 170 30 37
vline 171 30 37
vline 172 30 37
vline 173 30 37
vline 174 34 35
61
hline 1 9 13
hline 2 5 16
hline 3 3 6
hline 3 15 16
hline 4 2 4
hline 5 1 4
hline 5 25 31
hline 5 39 45
hline 5 53 62
hline 5 72 77
hline 6 1 3
hline 6 11 20
hline 6 23 26
hline 6 30 33
hline 6 37 40
hline 6 44 47
hline 6 52 55
hline 6 58 62
hline 6 70 73
hline 6 76 79
hline 7 1 3
hline 7 17 20
hline 7 22 24
hline 7 31 34
hline 7 36 39
hline 7 46 48
hline 7 51 53
hline 7 69 71
hline 7 75 80
hline 8 2 4
hline 8 17 19
hline 8 22 24
hline 8 32 34
hline 8 36 38
hline 8 46 48
hline 8 51 52
hline 8 69 75
hline 9 3 6
hline 9 15 18
hline 9 22 25
hline 9 31 33
hline 9 37 39
hline 9 45 48
hline 9 51 53
hline 9 69 72
hline 9 78 78
hline 10 5 17
hline 10 23 32
hline 10 38 47
hline 10 52 62
hline 10 71 79
hline 12 51 53
hline 12 59 62
hline 13 52 60
hline 14 55 57
vline 60 5 13
vline 61 5 12
vline 62 5 12
vline 65 2 10
vline 66 2 10
vline 67 2 10
