Case 1:
1
3
1
1
0
0
341
349525
992123766
229474403
745014024
210740728
421481455
421481455
Case 2:
1
0
1
1
1
1
1
0
0
0
1
Case 3:
562204011
456520330
109302469
619694473
219616764
978618276
808729799
458402059
566669573
544320373
191796977
76220372
131082935
854013813
35055055
638639797
138683371
786904199
554872855
224952587
106328887
526203456
343234244
507673425
732124404
721049785
504698248
331915224
447983764
440912299
Case 4:
1
1
0
1
1
0
0
1
0
1
0
1
0
1
0
0
0
0
1
0
0
0
0
1
Case 5:
130741040
858939265
66709536
667709297
140852255
592021111
305371429
386556375
221587892
841480159
423937845
650289779
731937189
701848972
703430289
35474796
621477713
291619706
559231430
414951947
751261230
55093470
91490160
750523232
465777981
28049629
150953890
298980074
522270331
Case 6:
206816143
677777432
29348176
173113379
545655006
886695803
453317511
607717999
887393397
271114183
Case 7:
2
0
0
0
0
0
1
0
0
0
0
0
0
0
0
1
Case 8:
312361360
972070195
340057674
Case 9:
72165975
0
811106914
482757948
0
491416494
855623027
224451676
593829899
682419373
0
0
233351178
738940321
Case 10:
1
0
1
0
0
1
0
1
1
0
1
1
0
0
1
1
1
0
Case 11:
349782795
928541
975569202
9332853
731144179
796855446
Case 12:
291168068
600745683
716433986
399125419
555535188
377201186
73976250
874557005
393630624
915596662
611077532
200834705
881292585
259288259
883456353
911565920
780586941
652987009
917181456
584266665
464256054
179186311
Case 13:
718508860
693688182
109394332
780842909
747609957
290156735
88110862
515981942
568316627
724519881
Case 14:
169645384
726057439
641677396
520258574
468390865
806730171
323629065
39531065
15560815
619998782
189168903
813401840
419903586
828430460
336321232
94179541
334718366
886065549
64756050
728293196
217969000
246034973
737115766
113677578
165287464
546515221
185477691
315723049
Case 15:
0
0
0
0
0
0
0
0
0
0
0
0
0
0
Case 16:
0
0
0
0
0
0
0
0
1
0
1
1
1
0
1
1
1
0
0
Case 17:
0
0
0
0
0
0
0
0
0
0
0
0
0
0
0
0
0
0
0
0
0
0
0
0
Case 18:
468372635
645254625
292006818
125268785
476961655
600916616
126524242
260489514
353895193
282264725
750594136
942313439
534628792
11515335
400115667
963408876
143454032
127047696
957293791
945455866
689428090
496179290
98491924
932107805
118965791
646347400
733421427
943470305
343398195
Case 19:
129641124
84020551
0
788148641
474479619
795075207
712194681
626295469
679892726
527578342
0
201806771
48475238
788769920
Case 20:
2
0
0
0
0
0
0
0
1
0
0
0
0
0
0
0
0
2
2
2
0
