6
49995000
49985001
49000050
48015100
47040150
46075200
45120250
44175300
43240350
42315400
40495500
22214445
9872346
616605
1
3
1
0
0
1
0
1
0
3
0
0
3
0
3
0
0
0
0
3
3
0
0
0
1
1
0
3
3
1
0
1
3
3
6
3
3
1
0
1
6
10
3
1
1
1
1
0
6
21
6
6
3
3
3
6
1
10
6
1
21
6
3
0
3
6
6
6
3
1
0
0
1
1
1
3
6
1
3
1
36
3
28
28
36
6
10
15
28
3
78
78
10
3
28
15
15
28
45
6
36
10
28
15
21
28
10
21
15
55
28
3
3
10
21
10
45
21
15
15
66
28
10
28
36
6
28
6
55
15
45
3
36
36
66
15
10
10
36
36
15
28
66
15
21
21
10
28
28
36
6
10
36
55
6
21
36
36
36
28
66
21
6
10
91
36
55
6
28
55
55
36
10
66
78
28
55
45
10
136
0
