2
2
2
1
2
2
1
2
0
1
2
2
2
2
1
2
2
0
2
2
2
1
1
0
1
1
1
1
2
1
1
2
1
2
1
2
1
2
2
1
2
1
1
1
1
1
1
1
1
0
1
0
2
2
1
2
1
1
2
0
2
2
1
1
1
1
2
2
1
2
1
2
2
2
1
1
2
2
2
1
2
2
0
0
2
1
1
2
2
2
1
1
2
1
0
1
1
2
1
1
4
4
4
4
4
4
4
4
4
4
4
4
4
4
4
4
4
4
4
3
4
4
4
4
4
4
4
4
4
4
4
4
4
4
4
4
4
4
4
4
3
4
4
4
4
4
4
3
3
5
4
4
4
3
4
4
4
4
4
4
2
4
4
4
4
4
4
4
4
4
4
4
4
4
4
4
4
2
4
4
4
3
3
4
4
4
4
4
3
4
4
4
4
4
4
3
4
4
4
4
8
5
8
8
8
8
8
8
8
8
7
8
7
8
8
8
8
8
8
8
8
8
7
8
8
8
8
8
8
8
8
6
8
8
8
8
8
7
8
8
8
8
8
8
8
7
8
8
8
8
7
8
8
7
8
8
8
6
8
8
8
7
8
8
8
8
7
8
8
8
8
8
8
8
8
8
8
8
7
6
6
7
8
6
8
8
7
8
7
7
8
8
8
8
8
8
7
8
7
8
11
11
10
11
11
11
11
11
11
11
9
11
11
11
10
10
11
11
11
10
11
11
11
11
11
10
11
10
11
11
11
9
11
11
10
11
9
10
10
10
11
11
11
11
11
10
10
10
11
11
10
11
11
10
10
10
11
11
11
9
11
11
11
10
11
10
11
11
11
11
11
11
11
9
10
11
11
10
11
10
11
11
11
9
10
11
10
11
11
9
10
11
11
11
11
11
11
11
10
11
15
15
15
14
14
14
15
15
15
14
14
15
15
14
15
15
15
15
15
13
14
15
14
14
15
14
14
14
15
12
15
15
14
14
14
14
14
14
14
14
13
15
15
15
15
15
15
15
13
14
14
14
15
15
15
14
14
15
15
14
13
15
15
15
13
15
14
15
15
14
14
14
14
15
14
15
14
15
15
14
14
14
15
13
15
15
15
14
15
15
15
14
15
15
15
15
15
15
14
14
17
17
16
17
17
17
17
16
18
17
17
17
17
17
17
17
18
18
17
17
17
17
18
17
17
17
17
17
17
17
17
17
17
17
16
17
17
17
18
16
17
17
17
17
17
17
17
17
16
17
17
17
17
17
17
17
17
18
17
16
16
17
17
17
17
17
17
16
17
17
17
17
17
17
17
17
17
17
17
17
17
17
17
17
17
17
17
17
16
17
17
18
17
17
18
17
17
17
17
18
