2.9289682540
4.8740191199
364.8835137085
910.3380591631
593.7926046176
510.8835137085
247.0653318903
53.9744227994
515.0653318903
661.7926046176
51.9744227994
898.3380591631
16.1562409613
298.8835137085
793.2471500721
481.0653318903
620.3380591631
301.6107864358
901.2471500721
192.7016955267
873.7926046176
180.7016955267
23.9744227994
545.4289682540
44.7016955267
402.5198773449
760.8835137085
383.0653318903
329.9744227994
244.7016955267
129.6107864358
397.6107864358
482.1562409812
770.8835137085
67.9744227994
669.7926046176
371.4289682540
815.9744227994
720.7016955267
480.1562409812
567.4289682540
769.6107864358
468.3380591631
580.7016955267
662.3380591631
855.2471500721
655.4289682540
876.3380591631
246.5198773449
243.0653318903
662.7016955267
209.9744227994
17.6107864273
683.7926046176
349.2471500722
563.2471500721
175.9744227994
199.7926046176
35.9744227994
503.0653318903
38.1562409812
162.5198773449
494.3380591631
113.9744227994
23.0653318904
155.9744227994
780.7016955267
895.6107864358
61.6107864358
187.9744227994
62.1562409812
625.9744227994
551.2471500721
124.1562409812
800.3380591631
807.2471500721
69.0653318903
142.1562409812
773.4289682540
312.5198773449
382.3380591631
525.7926046176
116.3380591631
900.8835137085
299.2471500721
462.5198773449
553.7926046176
69.0653318903
255.9744227994
183.4289682540
165.7926046176
291.0653318903
846.8835137085
657.0653318903
905.9744227994
463.6107864358
406.7016955267
776.5198773449
448.8835137085
465.2471500721
